2020-06-02 17:52:17,872 INFO  [org.jboss.modules] (main) JBoss Modules version 1.8.6.Final
2020-06-02 17:52:18,699 INFO  [org.jboss.msc] (main) JBoss MSC version 1.4.3.Final
2020-06-02 17:52:18,716 INFO  [org.jboss.threads] (main) JBoss Threads version 2.3.2.Final
2020-06-02 17:52:18,942 INFO  [org.jboss.as] (MSC service thread 1-2) WFLYSRV0049: Keycloak 4.8.3.Final (WildFly Core 6.0.2.Final) starting
2020-06-02 17:52:18,943 DEBUG [org.jboss.as.config] (MSC service thread 1-2) Configured system properties:
	[Standalone] = 
	awt.toolkit = sun.lwawt.macosx.LWCToolkit
	file.encoding = UTF-8
	file.separator = /
	ftp.nonProxyHosts = local|*.local|169.254/16|*.169.254/16
	gopherProxySet = false
	http.nonProxyHosts = local|*.local|169.254/16|*.169.254/16
	java.awt.graphicsenv = sun.awt.CGraphicsEnvironment
	java.awt.headless = true
	java.awt.printerjob = sun.lwawt.macosx.CPrinterJob
	java.class.path = /Applications/keycloak-4.8.3.Final/jboss-modules.jar
	java.class.version = 55.0
	java.home = /Library/Java/JavaVirtualMachines/jdk-11.0.6.jdk/Contents/Home
	java.io.tmpdir = /var/folders/4j/x3n5t_fd64l_6fnz5wvv3m1r0000gt/T/
	java.library.path = /Users/luthien/Library/Java/Extensions:/Library/Java/Extensions:/Network/Library/Java/Extensions:/System/Library/Java/Extensions:/usr/lib/java:.
	java.net.preferIPv4Stack = true
	java.runtime.name = Java(TM) SE Runtime Environment
	java.runtime.version = 11.0.6+8-LTS
	java.specification.name = Java Platform API Specification
	java.specification.vendor = Oracle Corporation
	java.specification.version = 11
	java.util.logging.manager = org.jboss.logmanager.LogManager
	java.vendor = Oracle Corporation
	java.vendor.url = http://java.oracle.com/
	java.vendor.url.bug = http://bugreport.java.com/bugreport/
	java.vendor.version = 18.9
	java.version = 11.0.6
	java.version.date = 2020-01-14
	java.vm.compressedOopsMode = Zero based
	java.vm.info = mixed mode
	java.vm.name = Java HotSpot(TM) 64-Bit Server VM
	java.vm.specification.name = Java Virtual Machine Specification
	java.vm.specification.vendor = Oracle Corporation
	java.vm.specification.version = 11
	java.vm.vendor = Oracle Corporation
	java.vm.version = 11.0.6+8-LTS
	javax.management.builder.initial = org.jboss.as.jmx.PluggableMBeanServerBuilder
	jboss.home.dir = /Applications/keycloak-4.8.3.Final
	jboss.host.name = dorthonion
	jboss.modules.dir = /Applications/keycloak-4.8.3.Final/modules
	jboss.modules.system.pkgs = org.jboss.byteman
	jboss.node.name = dorthonion
	jboss.qualified.host.name = dorthonion
	jboss.server.base.dir = /Applications/keycloak-4.8.3.Final/standalone
	jboss.server.config.dir = /Applications/keycloak-4.8.3.Final/standalone/configuration
	jboss.server.data.dir = /Applications/keycloak-4.8.3.Final/standalone/data
	jboss.server.deploy.dir = /Applications/keycloak-4.8.3.Final/standalone/data/content
	jboss.server.log.dir = /Applications/keycloak-4.8.3.Final/standalone/log
	jboss.server.name = dorthonion
	jboss.server.persist.config = true
	jboss.server.temp.dir = /Applications/keycloak-4.8.3.Final/standalone/tmp
	jdk.debug = release
	line.separator = 

	logging.configuration = file:/Applications/keycloak-4.8.3.Final/standalone/configuration/logging.properties
	module.path = /Applications/keycloak-4.8.3.Final/modules
	org.jboss.boot.log.file = /Applications/keycloak-4.8.3.Final/standalone/log/server.log
	org.jboss.resolver.warning = true
	os.arch = x86_64
	os.name = Mac OS X
	os.version = 10.13.6
	path.separator = :
	socksNonProxyHosts = local|*.local|169.254/16|*.169.254/16
	sun.arch.data.model = 64
	sun.boot.library.path = /Library/Java/JavaVirtualMachines/jdk-11.0.6.jdk/Contents/Home/lib
	sun.cpu.endian = little
	sun.cpu.isalist = 
	sun.io.unicode.encoding = UnicodeBig
	sun.java.command = /Applications/keycloak-4.8.3.Final/jboss-modules.jar -mp /Applications/keycloak-4.8.3.Final/modules org.jboss.as.standalone -Djboss.home.dir=/Applications/keycloak-4.8.3.Final -Djboss.server.base.dir=/Applications/keycloak-4.8.3.Final/standalone
	sun.java.launcher = SUN_STANDARD
	sun.jnu.encoding = UTF-8
	sun.management.compiler = HotSpot 64-Bit Tiered Compilers
	sun.os.patch.level = unknown
	user.country = GB
	user.dir = /Applications/keycloak-4.8.3.Final
	user.home = /Users/luthien
	user.language = en
	user.name = luthien
	user.timezone = Europe/Amsterdam
2020-06-02 17:52:18,948 DEBUG [org.jboss.as.config] (MSC service thread 1-2) VM Arguments: -D[Standalone] -Xms64m -Xmx512m -XX:MetaspaceSize=96M -XX:MaxMetaspaceSize=256m -Djava.net.preferIPv4Stack=true -Djboss.modules.system.pkgs=org.jboss.byteman -Djava.awt.headless=true --add-exports=java.base/sun.nio.ch=ALL-UNNAMED --add-exports=jdk.unsupported/sun.misc=ALL-UNNAMED --add-exports=jdk.unsupported/sun.reflect=ALL-UNNAMED --add-modules=java.se -Dorg.jboss.boot.log.file=/Applications/keycloak-4.8.3.Final/standalone/log/server.log -Dlogging.configuration=file:/Applications/keycloak-4.8.3.Final/standalone/configuration/logging.properties 
2020-06-02 17:52:20,062 INFO  [org.wildfly.security] (ServerService Thread Pool -- 19) ELY00001: WildFly Elytron version 1.6.0.Final
2020-06-02 17:52:20,828 INFO  [org.jboss.as.controller.management-deprecated] (Controller Boot Thread) WFLYCTL0028: Attribute 'security-realm' in the resource at address '/core-service=management/management-interface=http-interface' is deprecated, and may be removed in a future version. See the attribute description in the output of the read-resource-description operation to learn more about the deprecation.
2020-06-02 17:52:20,863 INFO  [org.jboss.as.controller.management-deprecated] (ServerService Thread Pool -- 24) WFLYCTL0028: Attribute 'security-realm' in the resource at address '/subsystem=undertow/server=default-server/https-listener=https' is deprecated, and may be removed in a future version. See the attribute description in the output of the read-resource-description operation to learn more about the deprecation.
2020-06-02 17:52:21,004 INFO  [org.jboss.as.server] (Controller Boot Thread) WFLYSRV0039: Creating http management service using socket-binding (management-http)
2020-06-02 17:52:21,029 INFO  [org.xnio] (MSC service thread 1-7) XNIO version 3.6.5.Final
2020-06-02 17:52:21,040 INFO  [org.xnio.nio] (MSC service thread 1-7) XNIO NIO Implementation Version 3.6.5.Final
2020-06-02 17:52:21,125 INFO  [org.jboss.remoting] (MSC service thread 1-5) JBoss Remoting version 5.0.8.Final
2020-06-02 17:52:21,128 INFO  [org.jboss.as.clustering.infinispan] (ServerService Thread Pool -- 33) WFLYCLINF0001: Activating Infinispan subsystem.
2020-06-02 17:52:21,142 INFO  [org.wildfly.extension.io] (ServerService Thread Pool -- 34) WFLYIO001: Worker 'default' has auto-configured to 8 core threads with 64 task threads based on your 4 available processors
2020-06-02 17:52:21,180 INFO  [org.jboss.as.connector] (MSC service thread 1-1) WFLYJCA0009: Starting JCA Subsystem (WildFly/IronJacamar 1.4.11.Final)
2020-06-02 17:52:21,198 INFO  [org.jboss.as.connector.subsystems.datasources] (ServerService Thread Pool -- 28) WFLYJCA0005: Deploying non-JDBC-compliant driver class org.postgresql.Driver (version 42.2)
2020-06-02 17:52:21,227 INFO  [org.jboss.as.jaxrs] (ServerService Thread Pool -- 35) WFLYRS0016: RESTEasy version 3.6.1.Final
2020-06-02 17:52:21,232 INFO  [org.jboss.as.naming] (ServerService Thread Pool -- 41) WFLYNAM0001: Activating Naming Subsystem
2020-06-02 17:52:21,255 INFO  [org.jboss.as.connector.deployers.jdbc] (MSC service thread 1-6) WFLYJCA0018: Started Driver service with driver-name = postgresql
2020-06-02 17:52:21,270 INFO  [org.jboss.as.mail.extension] (MSC service thread 1-3) WFLYMAIL0002: Unbound mail session [java:jboss/mail/Default]
2020-06-02 17:52:21,287 WARN  [org.jboss.as.txn] (ServerService Thread Pool -- 46) WFLYTX0013: The node-identifier attribute on the /subsystem=transactions is set to the default value. This is a danger for environments running multiple servers. Please make sure the attribute value is unique.
2020-06-02 17:52:21,303 INFO  [org.jboss.as.mail.extension] (MSC service thread 1-7) WFLYMAIL0001: Bound mail session [java:jboss/mail/Default]
2020-06-02 17:52:21,322 INFO  [org.jboss.as.security] (ServerService Thread Pool -- 44) WFLYSEC0002: Activating Security Subsystem
2020-06-02 17:52:21,337 INFO  [org.jboss.as.naming] (MSC service thread 1-2) WFLYNAM0003: Starting Naming Service
2020-06-02 17:52:21,390 INFO  [org.wildfly.extension.undertow] (MSC service thread 1-3) WFLYUT0003: Undertow 2.0.13.Final starting
2020-06-02 17:52:21,393 INFO  [org.jboss.as.connector.subsystems.datasources] (ServerService Thread Pool -- 28) WFLYJCA0004: Deploying JDBC-compliant driver class org.h2.Driver (version 1.4)
2020-06-02 17:52:21,396 INFO  [org.jboss.as.connector.deployers.jdbc] (MSC service thread 1-4) WFLYJCA0018: Started Driver service with driver-name = h2
2020-06-02 17:52:21,407 INFO  [org.jboss.as.security] (MSC service thread 1-2) WFLYSEC0001: Current PicketBox version=5.0.3.Final
2020-06-02 17:52:21,467 INFO  [org.jboss.as.connector.subsystems.datasources] (MSC service thread 1-3) WFLYJCA0010: Unbound data source [java:jboss/datasources/KeycloakDS]
2020-06-02 17:52:21,468 INFO  [org.jboss.as.connector.subsystems.datasources] (MSC service thread 1-3) WFLYJCA0010: Unbound data source [java:jboss/datasources/ExampleDS]
2020-06-02 17:52:21,653 INFO  [org.jboss.as.ejb3] (MSC service thread 1-4) WFLYEJB0482: Strict pool mdb-strict-max-pool is using a max instance size of 16 (per class), which is derived from the number of CPUs on this host.
2020-06-02 17:52:21,662 INFO  [org.jboss.as.ejb3] (MSC service thread 1-2) WFLYEJB0481: Strict pool slsb-strict-max-pool is using a max instance size of 64 (per class), which is derived from thread worker pool sizing.
2020-06-02 17:52:21,767 INFO  [org.wildfly.extension.undertow] (ServerService Thread Pool -- 47) WFLYUT0014: Creating file handler for path '/Applications/keycloak-4.8.3.Final/welcome-content' with options [directory-listing: 'false', follow-symlink: 'false', case-sensitive: 'true', safe-symlink-paths: '[]']
2020-06-02 17:52:21,775 INFO  [org.wildfly.extension.undertow] (MSC service thread 1-1) WFLYUT0012: Started server default-server.
2020-06-02 17:52:21,818 INFO  [org.wildfly.extension.undertow] (MSC service thread 1-5) WFLYUT0018: Host default-host starting
2020-06-02 17:52:21,864 INFO  [org.jboss.as.ejb3] (MSC service thread 1-6) WFLYEJB0493: EJB subsystem suspension complete
2020-06-02 17:52:21,976 INFO  [org.jboss.as.connector.subsystems.datasources] (MSC service thread 1-3) WFLYJCA0001: Bound data source [java:jboss/datasources/ExampleDS]
2020-06-02 17:52:21,993 INFO  [org.jboss.as.connector.subsystems.datasources] (MSC service thread 1-1) WFLYJCA0001: Bound data source [java:jboss/datasources/KeycloakDS]
2020-06-02 17:52:22,103 INFO  [org.wildfly.extension.undertow] (MSC service thread 1-2) WFLYUT0006: Undertow HTTP listener default listening on 127.0.0.1:8080
2020-06-02 17:52:22,475 INFO  [org.jboss.as.patching] (MSC service thread 1-6) WFLYPAT0050: Keycloak cumulative patch ID is: base, one-off patches include: none
2020-06-02 17:52:22,489 WARN  [org.jboss.as.domain.management.security] (MSC service thread 1-4) WFLYDM0111: Keystore /Applications/keycloak-4.8.3.Final/standalone/configuration/application.keystore not found, it will be auto generated on first use with a self signed certificate for host localhost
2020-06-02 17:52:22,504 INFO  [org.jboss.as.server.deployment.scanner] (MSC service thread 1-6) WFLYDS0013: Started FileSystemDeploymentService for directory /Applications/keycloak-4.8.3.Final/standalone/deployments
2020-06-02 17:52:22,517 INFO  [org.jboss.as.server.deployment] (MSC service thread 1-1) WFLYSRV0027: Starting deployment of "keycloak-server.war" (runtime-name: "keycloak-server.war")
2020-06-02 17:52:22,517 INFO  [org.jboss.as.server.deployment] (MSC service thread 1-2) WFLYSRV0027: Starting deployment of "keycloak-addon-0.1.jar" (runtime-name: "keycloak-addon-0.1.jar")
2020-06-02 17:52:22,633 INFO  [org.wildfly.extension.undertow] (MSC service thread 1-1) WFLYUT0006: Undertow HTTPS listener https listening on 127.0.0.1:8443
2020-06-02 17:52:22,717 INFO  [org.keycloak.subsystem.server.extension.KeycloakProviderDeploymentProcessor] (MSC service thread 1-1) Deploying Keycloak provider: keycloak-addon-0.1.jar
2020-06-02 17:52:23,059 WARN  [org.jboss.as.dependency.private] (MSC service thread 1-1) WFLYSRV0018: Deployment "deployment.keycloak-server.war" is using a private module ("org.kie") which may be changed or removed in future versions without notice.
2020-06-02 17:52:23,411 INFO  [org.infinispan.factories.GlobalComponentRegistry] (MSC service thread 1-8) ISPN000128: Infinispan version: Infinispan 'Estrella Galicia' 9.3.1.Final
2020-06-02 17:52:23,824 INFO  [org.jboss.as.clustering.infinispan] (ServerService Thread Pool -- 59) WFLYCLINF0002: Started authenticationSessions cache from keycloak container
2020-06-02 17:52:23,825 INFO  [org.jboss.as.clustering.infinispan] (ServerService Thread Pool -- 54) WFLYCLINF0002: Started sessions cache from keycloak container
2020-06-02 17:52:23,825 INFO  [org.jboss.as.clustering.infinispan] (ServerService Thread Pool -- 51) WFLYCLINF0002: Started actionTokens cache from keycloak container
2020-06-02 17:52:23,823 INFO  [org.jboss.as.clustering.infinispan] (ServerService Thread Pool -- 56) WFLYCLINF0002: Started users cache from keycloak container
2020-06-02 17:52:23,825 INFO  [org.jboss.as.clustering.infinispan] (ServerService Thread Pool -- 53) WFLYCLINF0002: Started keys cache from keycloak container
2020-06-02 17:52:23,827 INFO  [org.jboss.as.clustering.infinispan] (ServerService Thread Pool -- 52) WFLYCLINF0002: Started clientSessions cache from keycloak container
2020-06-02 17:52:23,828 INFO  [org.jboss.as.clustering.infinispan] (ServerService Thread Pool -- 57) WFLYCLINF0002: Started offlineSessions cache from keycloak container
2020-06-02 17:52:23,829 INFO  [org.jboss.as.clustering.infinispan] (ServerService Thread Pool -- 49) WFLYCLINF0002: Started loginFailures cache from keycloak container
2020-06-02 17:52:23,829 INFO  [org.jboss.as.clustering.infinispan] (ServerService Thread Pool -- 55) WFLYCLINF0002: Started authorization cache from keycloak container
2020-06-02 17:52:23,824 INFO  [org.jboss.as.clustering.infinispan] (ServerService Thread Pool -- 48) WFLYCLINF0002: Started offlineClientSessions cache from keycloak container
2020-06-02 17:52:23,830 INFO  [org.jboss.as.clustering.infinispan] (ServerService Thread Pool -- 50) WFLYCLINF0002: Started realms cache from keycloak container
2020-06-02 17:52:23,832 INFO  [org.jboss.as.clustering.infinispan] (ServerService Thread Pool -- 58) WFLYCLINF0002: Started work cache from keycloak container
2020-06-02 17:52:23,838 INFO  [org.jboss.as.clustering.infinispan] (ServerService Thread Pool -- 60) WFLYCLINF0002: Started client-mappings cache from ejb container
2020-06-02 17:52:24,897 INFO  [org.keycloak.services] (ServerService Thread Pool -- 48) KC-SERVICES0001: Loading config from standalone.xml or domain.xml
2020-06-02 17:52:25,566 WARN  [org.keycloak.services] (ServerService Thread Pool -- 48) KC-SERVICES0047: BCrypt (eu.europeana.keycloak.password.BCryptPasswordHashProviderFactory) is implementing the internal SPI password-hashing. This SPI is internal and may change without notice
2020-06-02 17:52:25,632 INFO  [org.jboss.as.clustering.infinispan] (ServerService Thread Pool -- 48) WFLYCLINF0002: Started realmRevisions cache from keycloak container
2020-06-02 17:52:25,641 INFO  [org.jboss.as.clustering.infinispan] (ServerService Thread Pool -- 48) WFLYCLINF0002: Started userRevisions cache from keycloak container
2020-06-02 17:52:25,657 INFO  [org.jboss.as.clustering.infinispan] (ServerService Thread Pool -- 48) WFLYCLINF0002: Started authorizationRevisions cache from keycloak container
2020-06-02 17:52:25,659 INFO  [org.keycloak.connections.infinispan.DefaultInfinispanConnectionProviderFactory] (ServerService Thread Pool -- 48) Node name: dorthonion, Site name: null
2020-06-02 17:52:26,403 WARN  [org.keycloak.connections.jpa.updater.liquibase.lock.CustomLockService] (ServerService Thread Pool -- 48) Failed to create lock table. Maybe other transaction created in the meantime. Retrying...
2020-06-02 17:52:26,415 WARN  [org.keycloak.connections.jpa.updater.liquibase.lock.CustomLockService] (ServerService Thread Pool -- 48) Failed to create lock table. Maybe other transaction created in the meantime. Retrying...
2020-06-02 17:52:26,428 WARN  [org.keycloak.connections.jpa.updater.liquibase.lock.CustomLockService] (ServerService Thread Pool -- 48) Failed to create lock table. Maybe other transaction created in the meantime. Retrying...
2020-06-02 17:52:29,057 WARN  [org.keycloak.connections.jpa.updater.liquibase.lock.CustomLockService] (ServerService Thread Pool -- 48) Attempt to release lock, which is not owned by current transaction
2020-06-02 17:52:29,062 INFO  [org.jboss.as.server] (Thread-1) WFLYSRV0220: Server shutdown has been requested via an OS signal
2020-06-02 17:52:29,082 INFO  [org.jboss.as.connector.subsystems.datasources] (MSC service thread 1-2) WFLYJCA0010: Unbound data source [java:jboss/datasources/KeycloakDS]
2020-06-02 17:52:29,087 INFO  [org.jboss.as.mail.extension] (MSC service thread 1-5) WFLYMAIL0002: Unbound mail session [java:jboss/mail/Default]
2020-06-02 17:52:29,090 INFO  [org.wildfly.extension.undertow] (MSC service thread 1-4) WFLYUT0008: Undertow HTTPS listener https suspending
2020-06-02 17:52:29,095 INFO  [org.keycloak.subsystem.server.extension.KeycloakProviderDeploymentProcessor] (MSC service thread 1-6) Undeploying Keycloak provider: keycloak-addon-0.1.jar
2020-06-02 17:52:29,096 INFO  [org.jboss.as.connector.deployers.jdbc] (MSC service thread 1-3) WFLYJCA0019: Stopped Driver service with driver-name = postgresql
2020-06-02 17:52:29,105 INFO  [org.wildfly.extension.undertow] (MSC service thread 1-4) WFLYUT0007: Undertow HTTPS listener https stopped, was bound to 127.0.0.1:8443
2020-06-02 17:52:29,099 ERROR [org.jboss.as.txn] (ServerService Thread Pool -- 48) WFLYTX0003: APPLICATION ERROR: transaction still active in request with status 0
2020-06-02 17:52:29,109 INFO  [org.jboss.as.server.deployment] (MSC service thread 1-5) WFLYSRV0028: Stopped deployment keycloak-addon-0.1.jar (runtime-name: keycloak-addon-0.1.jar) in 39ms
2020-06-02 17:52:29,121 ERROR [org.jboss.msc.service.fail] (ServerService Thread Pool -- 48) MSC000001: Failed to start service jboss.deployment.unit."keycloak-server.war".undertow-deployment: org.jboss.msc.service.StartException in service jboss.deployment.unit."keycloak-server.war".undertow-deployment: java.lang.RuntimeException: RESTEASY003325: Failed to construct public org.keycloak.services.resources.KeycloakApplication(javax.servlet.ServletContext,org.jboss.resteasy.core.Dispatcher)
	at org.wildfly.extension.undertow@14.0.1.Final//org.wildfly.extension.undertow.deployment.UndertowDeploymentService$1.run(UndertowDeploymentService.java:81)
	at java.base/java.util.concurrent.Executors$RunnableAdapter.call(Executors.java:515)
	at java.base/java.util.concurrent.FutureTask.run(FutureTask.java:264)
	at org.jboss.threads@2.3.2.Final//org.jboss.threads.ContextClassLoaderSavingRunnable.run(ContextClassLoaderSavingRunnable.java:35)
	at org.jboss.threads@2.3.2.Final//org.jboss.threads.EnhancedQueueExecutor.safeRun(EnhancedQueueExecutor.java:1985)
	at org.jboss.threads@2.3.2.Final//org.jboss.threads.EnhancedQueueExecutor$ThreadBody.doRunTask(EnhancedQueueExecutor.java:1487)
	at org.jboss.threads@2.3.2.Final//org.jboss.threads.EnhancedQueueExecutor$ThreadBody.run(EnhancedQueueExecutor.java:1378)
	at java.base/java.lang.Thread.run(Thread.java:834)
	at org.jboss.threads@2.3.2.Final//org.jboss.threads.JBossThread.run(JBossThread.java:485)
Caused by: java.lang.RuntimeException: RESTEASY003325: Failed to construct public org.keycloak.services.resources.KeycloakApplication(javax.servlet.ServletContext,org.jboss.resteasy.core.Dispatcher)
	at org.jboss.resteasy.resteasy-jaxrs@3.6.1.Final//org.jboss.resteasy.core.ConstructorInjectorImpl.construct(ConstructorInjectorImpl.java:166)
	at org.jboss.resteasy.resteasy-jaxrs@3.6.1.Final//org.jboss.resteasy.spi.ResteasyProviderFactory.createProviderInstance(ResteasyProviderFactory.java:2757)
	at org.jboss.resteasy.resteasy-jaxrs@3.6.1.Final//org.jboss.resteasy.spi.ResteasyDeployment.createApplication(ResteasyDeployment.java:363)
	at org.jboss.resteasy.resteasy-jaxrs@3.6.1.Final//org.jboss.resteasy.spi.ResteasyDeployment.startInternal(ResteasyDeployment.java:276)
	at org.jboss.resteasy.resteasy-jaxrs@3.6.1.Final//org.jboss.resteasy.spi.ResteasyDeployment.start(ResteasyDeployment.java:88)
	at org.jboss.resteasy.resteasy-jaxrs@3.6.1.Final//org.jboss.resteasy.plugins.server.servlet.ServletContainerDispatcher.init(ServletContainerDispatcher.java:119)
	at org.jboss.resteasy.resteasy-jaxrs@3.6.1.Final//org.jboss.resteasy.plugins.server.servlet.HttpServletDispatcher.init(HttpServletDispatcher.java:36)
	at io.undertow.servlet@2.0.13.Final//io.undertow.servlet.core.LifecyleInterceptorInvocation.proceed(LifecyleInterceptorInvocation.java:117)
	at org.wildfly.extension.undertow@14.0.1.Final//org.wildfly.extension.undertow.security.RunAsLifecycleInterceptor.init(RunAsLifecycleInterceptor.java:78)
	at io.undertow.servlet@2.0.13.Final//io.undertow.servlet.core.LifecyleInterceptorInvocation.proceed(LifecyleInterceptorInvocation.java:103)
	at io.undertow.servlet@2.0.13.Final//io.undertow.servlet.core.ManagedServlet$DefaultInstanceStrategy.start(ManagedServlet.java:300)
	at io.undertow.servlet@2.0.13.Final//io.undertow.servlet.core.ManagedServlet.createServlet(ManagedServlet.java:140)
	at io.undertow.servlet@2.0.13.Final//io.undertow.servlet.core.DeploymentManagerImpl$2.call(DeploymentManagerImpl.java:583)
	at io.undertow.servlet@2.0.13.Final//io.undertow.servlet.core.DeploymentManagerImpl$2.call(DeploymentManagerImpl.java:554)
	at io.undertow.servlet@2.0.13.Final//io.undertow.servlet.core.ServletRequestContextThreadSetupAction$1.call(ServletRequestContextThreadSetupAction.java:42)
	at io.undertow.servlet@2.0.13.Final//io.undertow.servlet.core.ContextClassLoaderSetupAction$1.call(ContextClassLoaderSetupAction.java:43)
	at org.wildfly.extension.undertow@14.0.1.Final//org.wildfly.extension.undertow.security.SecurityContextThreadSetupAction.lambda$create$0(SecurityContextThreadSetupAction.java:105)
	at org.wildfly.extension.undertow@14.0.1.Final//org.wildfly.extension.undertow.deployment.UndertowDeploymentInfoService$UndertowThreadSetupAction.lambda$create$0(UndertowDeploymentInfoService.java:1502)
	at org.wildfly.extension.undertow@14.0.1.Final//org.wildfly.extension.undertow.deployment.UndertowDeploymentInfoService$UndertowThreadSetupAction.lambda$create$0(UndertowDeploymentInfoService.java:1502)
	at org.wildfly.extension.undertow@14.0.1.Final//org.wildfly.extension.undertow.deployment.UndertowDeploymentInfoService$UndertowThreadSetupAction.lambda$create$0(UndertowDeploymentInfoService.java:1502)
	at org.wildfly.extension.undertow@14.0.1.Final//org.wildfly.extension.undertow.deployment.UndertowDeploymentInfoService$UndertowThreadSetupAction.lambda$create$0(UndertowDeploymentInfoService.java:1502)
	at io.undertow.servlet@2.0.13.Final//io.undertow.servlet.core.DeploymentManagerImpl.start(DeploymentManagerImpl.java:596)
	at org.wildfly.extension.undertow@14.0.1.Final//org.wildfly.extension.undertow.deployment.UndertowDeploymentService.startContext(UndertowDeploymentService.java:97)
	at org.wildfly.extension.undertow@14.0.1.Final//org.wildfly.extension.undertow.deployment.UndertowDeploymentService$1.run(UndertowDeploymentService.java:78)
	... 8 more
Caused by: org.keycloak.ServerStartupError: Database not initialized, please enable database initialization

2020-06-02 17:52:29,141 INFO  [org.jboss.as.connector.subsystems.datasources] (MSC service thread 1-7) WFLYJCA0010: Unbound data source [java:jboss/datasources/ExampleDS]
2020-06-02 17:52:29,143 INFO  [org.wildfly.extension.undertow] (MSC service thread 1-1) WFLYUT0019: Host default-host stopping
2020-06-02 17:52:29,148 INFO  [org.jboss.as.clustering.infinispan] (ServerService Thread Pool -- 54) WFLYCLINF0003: Stopped sessions cache from keycloak container
2020-06-02 17:52:29,149 INFO  [org.jboss.as.clustering.infinispan] (ServerService Thread Pool -- 52) WFLYCLINF0003: Stopped clientSessions cache from keycloak container
2020-06-02 17:52:29,150 INFO  [org.jboss.as.clustering.infinispan] (ServerService Thread Pool -- 50) WFLYCLINF0003: Stopped work cache from keycloak container
2020-06-02 17:52:29,150 INFO  [org.jboss.as.clustering.infinispan] (ServerService Thread Pool -- 56) WFLYCLINF0003: Stopped users cache from keycloak container
2020-06-02 17:52:29,150 INFO  [org.jboss.as.clustering.infinispan] (ServerService Thread Pool -- 49) WFLYCLINF0003: Stopped loginFailures cache from keycloak container
2020-06-02 17:52:29,152 INFO  [org.jboss.as.clustering.infinispan] (ServerService Thread Pool -- 53) WFLYCLINF0003: Stopped authenticationSessions cache from keycloak container
2020-06-02 17:52:29,152 INFO  [org.jboss.as.clustering.infinispan] (ServerService Thread Pool -- 51) WFLYCLINF0003: Stopped offlineSessions cache from keycloak container
2020-06-02 17:52:29,152 INFO  [org.jboss.as.clustering.infinispan] (ServerService Thread Pool -- 58) WFLYCLINF0003: Stopped authorization cache from keycloak container
2020-06-02 17:52:29,152 INFO  [org.jboss.as.clustering.infinispan] (ServerService Thread Pool -- 55) WFLYCLINF0003: Stopped keys cache from keycloak container
2020-06-02 17:52:29,153 INFO  [org.jboss.as.clustering.infinispan] (ServerService Thread Pool -- 60) WFLYCLINF0003: Stopped realms cache from keycloak container
2020-06-02 17:52:29,154 INFO  [org.jboss.as.clustering.infinispan] (ServerService Thread Pool -- 57) WFLYCLINF0003: Stopped actionTokens cache from keycloak container
2020-06-02 17:52:29,156 INFO  [org.wildfly.extension.undertow] (MSC service thread 1-6) WFLYUT0008: Undertow HTTP listener default suspending
2020-06-02 17:52:29,156 INFO  [org.jboss.as.clustering.infinispan] (ServerService Thread Pool -- 61) WFLYCLINF0003: Stopped offlineClientSessions cache from keycloak container
2020-06-02 17:52:29,158 INFO  [org.wildfly.extension.undertow] (MSC service thread 1-6) WFLYUT0007: Undertow HTTP listener default stopped, was bound to 127.0.0.1:8080
2020-06-02 17:52:29,159 INFO  [org.jboss.as.connector.deployers.jdbc] (MSC service thread 1-3) WFLYJCA0019: Stopped Driver service with driver-name = h2
2020-06-02 17:52:29,160 INFO  [org.jboss.as.clustering.infinispan] (ServerService Thread Pool -- 59) WFLYCLINF0003: Stopped client-mappings cache from ejb container
2020-06-02 17:52:29,161 INFO  [org.wildfly.extension.undertow] (MSC service thread 1-3) WFLYUT0004: Undertow 2.0.13.Final stopping
2020-06-02 17:52:29,167 INFO  [org.jboss.as.server.deployment] (MSC service thread 1-1) WFLYSRV0028: Stopped deployment keycloak-server.war (runtime-name: keycloak-server.war) in 100ms
2020-06-02 17:52:29,173 INFO  [org.jboss.as.clustering.infinispan] (MSC service thread 1-2) WFLYCLINF0003: Stopped authorizationRevisions cache from keycloak container
2020-06-02 17:52:29,176 INFO  [org.jboss.as.clustering.infinispan] (MSC service thread 1-2) WFLYCLINF0003: Stopped realmRevisions cache from keycloak container
2020-06-02 17:52:29,182 INFO  [org.jboss.as.clustering.infinispan] (MSC service thread 1-2) WFLYCLINF0003: Stopped userRevisions cache from keycloak container
2020-06-02 17:52:29,190 ERROR [org.jboss.as.server] (ServerService Thread Pool -- 29) WFLYSRV0022: Deploy of deployment "keycloak-addon-0.1.jar" was rolled back with no failure message
2020-06-02 17:52:29,193 ERROR [org.jboss.as.server] (ServerService Thread Pool -- 39) WFLYSRV0022: Deploy of deployment "keycloak-server.war" was rolled back with no failure message
2020-06-02 17:52:29,201 INFO  [org.jboss.as] (MSC service thread 1-4) WFLYSRV0050: Keycloak 4.8.3.Final (WildFly Core 6.0.2.Final) stopped in 134ms
2020-06-02 18:00:13,393 INFO  [org.jboss.modules] (main) JBoss Modules version 1.8.6.Final
2020-06-02 18:00:14,197 INFO  [org.jboss.msc] (main) JBoss MSC version 1.4.3.Final
2020-06-02 18:00:14,213 INFO  [org.jboss.threads] (main) JBoss Threads version 2.3.2.Final
2020-06-02 18:00:14,435 INFO  [org.jboss.as] (MSC service thread 1-2) WFLYSRV0049: Keycloak 4.8.3.Final (WildFly Core 6.0.2.Final) starting
2020-06-02 18:00:14,437 DEBUG [org.jboss.as.config] (MSC service thread 1-2) Configured system properties:
	[Standalone] = 
	awt.toolkit = sun.lwawt.macosx.LWCToolkit
	file.encoding = UTF-8
	file.separator = /
	ftp.nonProxyHosts = local|*.local|169.254/16|*.169.254/16
	gopherProxySet = false
	http.nonProxyHosts = local|*.local|169.254/16|*.169.254/16
	java.awt.graphicsenv = sun.awt.CGraphicsEnvironment
	java.awt.headless = true
	java.awt.printerjob = sun.lwawt.macosx.CPrinterJob
	java.class.path = /Applications/keycloak-4.8.3.Final/jboss-modules.jar
	java.class.version = 55.0
	java.home = /Library/Java/JavaVirtualMachines/jdk-11.0.6.jdk/Contents/Home
	java.io.tmpdir = /var/folders/4j/x3n5t_fd64l_6fnz5wvv3m1r0000gt/T/
	java.library.path = /Users/luthien/Library/Java/Extensions:/Library/Java/Extensions:/Network/Library/Java/Extensions:/System/Library/Java/Extensions:/usr/lib/java:.
	java.net.preferIPv4Stack = true
	java.runtime.name = Java(TM) SE Runtime Environment
	java.runtime.version = 11.0.6+8-LTS
	java.specification.name = Java Platform API Specification
	java.specification.vendor = Oracle Corporation
	java.specification.version = 11
	java.util.logging.manager = org.jboss.logmanager.LogManager
	java.vendor = Oracle Corporation
	java.vendor.url = http://java.oracle.com/
	java.vendor.url.bug = http://bugreport.java.com/bugreport/
	java.vendor.version = 18.9
	java.version = 11.0.6
	java.version.date = 2020-01-14
	java.vm.compressedOopsMode = Zero based
	java.vm.info = mixed mode
	java.vm.name = Java HotSpot(TM) 64-Bit Server VM
	java.vm.specification.name = Java Virtual Machine Specification
	java.vm.specification.vendor = Oracle Corporation
	java.vm.specification.version = 11
	java.vm.vendor = Oracle Corporation
	java.vm.version = 11.0.6+8-LTS
	javax.management.builder.initial = org.jboss.as.jmx.PluggableMBeanServerBuilder
	jboss.home.dir = /Applications/keycloak-4.8.3.Final
	jboss.host.name = dorthonion
	jboss.modules.dir = /Applications/keycloak-4.8.3.Final/modules
	jboss.modules.system.pkgs = org.jboss.byteman
	jboss.node.name = dorthonion
	jboss.qualified.host.name = dorthonion
	jboss.server.base.dir = /Applications/keycloak-4.8.3.Final/standalone
	jboss.server.config.dir = /Applications/keycloak-4.8.3.Final/standalone/configuration
	jboss.server.data.dir = /Applications/keycloak-4.8.3.Final/standalone/data
	jboss.server.deploy.dir = /Applications/keycloak-4.8.3.Final/standalone/data/content
	jboss.server.log.dir = /Applications/keycloak-4.8.3.Final/standalone/log
	jboss.server.name = dorthonion
	jboss.server.persist.config = true
	jboss.server.temp.dir = /Applications/keycloak-4.8.3.Final/standalone/tmp
	jdk.debug = release
	line.separator = 

	logging.configuration = file:/Applications/keycloak-4.8.3.Final/standalone/configuration/logging.properties
	module.path = /Applications/keycloak-4.8.3.Final/modules
	org.jboss.boot.log.file = /Applications/keycloak-4.8.3.Final/standalone/log/server.log
	org.jboss.resolver.warning = true
	os.arch = x86_64
	os.name = Mac OS X
	os.version = 10.13.6
	path.separator = :
	socksNonProxyHosts = local|*.local|169.254/16|*.169.254/16
	sun.arch.data.model = 64
	sun.boot.library.path = /Library/Java/JavaVirtualMachines/jdk-11.0.6.jdk/Contents/Home/lib
	sun.cpu.endian = little
	sun.cpu.isalist = 
	sun.io.unicode.encoding = UnicodeBig
	sun.java.command = /Applications/keycloak-4.8.3.Final/jboss-modules.jar -mp /Applications/keycloak-4.8.3.Final/modules org.jboss.as.standalone -Djboss.home.dir=/Applications/keycloak-4.8.3.Final -Djboss.server.base.dir=/Applications/keycloak-4.8.3.Final/standalone
	sun.java.launcher = SUN_STANDARD
	sun.jnu.encoding = UTF-8
	sun.management.compiler = HotSpot 64-Bit Tiered Compilers
	sun.os.patch.level = unknown
	user.country = GB
	user.dir = /Applications/keycloak-4.8.3.Final
	user.home = /Users/luthien
	user.language = en
	user.name = luthien
	user.timezone = Europe/Amsterdam
2020-06-02 18:00:14,442 DEBUG [org.jboss.as.config] (MSC service thread 1-2) VM Arguments: -D[Standalone] -Xms64m -Xmx512m -XX:MetaspaceSize=96M -XX:MaxMetaspaceSize=256m -Djava.net.preferIPv4Stack=true -Djboss.modules.system.pkgs=org.jboss.byteman -Djava.awt.headless=true --add-exports=java.base/sun.nio.ch=ALL-UNNAMED --add-exports=jdk.unsupported/sun.misc=ALL-UNNAMED --add-exports=jdk.unsupported/sun.reflect=ALL-UNNAMED --add-modules=java.se -Dorg.jboss.boot.log.file=/Applications/keycloak-4.8.3.Final/standalone/log/server.log -Dlogging.configuration=file:/Applications/keycloak-4.8.3.Final/standalone/configuration/logging.properties 
2020-06-02 18:00:15,534 INFO  [org.wildfly.security] (ServerService Thread Pool -- 19) ELY00001: WildFly Elytron version 1.6.0.Final
2020-06-02 18:00:16,257 INFO  [org.jboss.as.controller.management-deprecated] (Controller Boot Thread) WFLYCTL0028: Attribute 'security-realm' in the resource at address '/core-service=management/management-interface=http-interface' is deprecated, and may be removed in a future version. See the attribute description in the output of the read-resource-description operation to learn more about the deprecation.
2020-06-02 18:00:16,290 INFO  [org.jboss.as.controller.management-deprecated] (ServerService Thread Pool -- 24) WFLYCTL0028: Attribute 'security-realm' in the resource at address '/subsystem=undertow/server=default-server/https-listener=https' is deprecated, and may be removed in a future version. See the attribute description in the output of the read-resource-description operation to learn more about the deprecation.
2020-06-02 18:00:16,408 INFO  [org.jboss.as.server] (Controller Boot Thread) WFLYSRV0039: Creating http management service using socket-binding (management-http)
2020-06-02 18:00:16,434 INFO  [org.xnio] (MSC service thread 1-5) XNIO version 3.6.5.Final
2020-06-02 18:00:16,446 INFO  [org.xnio.nio] (MSC service thread 1-5) XNIO NIO Implementation Version 3.6.5.Final
2020-06-02 18:00:16,483 INFO  [org.jboss.as.clustering.infinispan] (ServerService Thread Pool -- 33) WFLYCLINF0001: Activating Infinispan subsystem.
2020-06-02 18:00:16,572 INFO  [org.wildfly.extension.io] (ServerService Thread Pool -- 34) WFLYIO001: Worker 'default' has auto-configured to 8 core threads with 64 task threads based on your 4 available processors
2020-06-02 18:00:16,594 INFO  [org.jboss.remoting] (MSC service thread 1-1) JBoss Remoting version 5.0.8.Final
2020-06-02 18:00:16,577 INFO  [org.jboss.as.connector.subsystems.datasources] (ServerService Thread Pool -- 28) WFLYJCA0005: Deploying non-JDBC-compliant driver class org.postgresql.Driver (version 42.2)
2020-06-02 18:00:16,615 INFO  [org.jboss.as.jaxrs] (ServerService Thread Pool -- 35) WFLYRS0016: RESTEasy version 3.6.1.Final
2020-06-02 18:00:16,616 WARN  [org.jboss.as.txn] (ServerService Thread Pool -- 46) WFLYTX0013: The node-identifier attribute on the /subsystem=transactions is set to the default value. This is a danger for environments running multiple servers. Please make sure the attribute value is unique.
2020-06-02 18:00:16,627 INFO  [org.jboss.as.connector] (MSC service thread 1-2) WFLYJCA0009: Starting JCA Subsystem (WildFly/IronJacamar 1.4.11.Final)
2020-06-02 18:00:16,632 INFO  [org.jboss.as.naming] (ServerService Thread Pool -- 41) WFLYNAM0001: Activating Naming Subsystem
2020-06-02 18:00:16,632 INFO  [org.jboss.as.security] (ServerService Thread Pool -- 44) WFLYSEC0002: Activating Security Subsystem
2020-06-02 18:00:16,635 INFO  [org.jboss.as.connector.deployers.jdbc] (MSC service thread 1-2) WFLYJCA0018: Started Driver service with driver-name = postgresql
2020-06-02 18:00:16,663 INFO  [org.jboss.as.mail.extension] (MSC service thread 1-8) WFLYMAIL0002: Unbound mail session [java:jboss/mail/Default]
2020-06-02 18:00:16,679 INFO  [org.jboss.as.security] (MSC service thread 1-8) WFLYSEC0001: Current PicketBox version=5.0.3.Final
2020-06-02 18:00:16,710 INFO  [org.wildfly.extension.undertow] (MSC service thread 1-2) WFLYUT0003: Undertow 2.0.13.Final starting
2020-06-02 18:00:16,718 INFO  [org.jboss.as.connector.subsystems.datasources] (ServerService Thread Pool -- 28) WFLYJCA0004: Deploying JDBC-compliant driver class org.h2.Driver (version 1.4)
2020-06-02 18:00:16,736 INFO  [org.jboss.as.connector.deployers.jdbc] (MSC service thread 1-2) WFLYJCA0018: Started Driver service with driver-name = h2
2020-06-02 18:00:16,737 INFO  [org.jboss.as.naming] (MSC service thread 1-2) WFLYNAM0003: Starting Naming Service
2020-06-02 18:00:16,746 INFO  [org.jboss.as.mail.extension] (MSC service thread 1-2) WFLYMAIL0001: Bound mail session [java:jboss/mail/Default]
2020-06-02 18:00:16,851 INFO  [org.jboss.as.connector.subsystems.datasources] (MSC service thread 1-5) WFLYJCA0010: Unbound data source [java:jboss/datasources/KeycloakDS]
2020-06-02 18:00:16,851 INFO  [org.jboss.as.connector.subsystems.datasources] (MSC service thread 1-6) WFLYJCA0010: Unbound data source [java:jboss/datasources/ExampleDS]
2020-06-02 18:00:16,958 INFO  [org.jboss.as.ejb3] (MSC service thread 1-8) WFLYEJB0481: Strict pool slsb-strict-max-pool is using a max instance size of 64 (per class), which is derived from thread worker pool sizing.
2020-06-02 18:00:16,959 INFO  [org.jboss.as.ejb3] (MSC service thread 1-6) WFLYEJB0482: Strict pool mdb-strict-max-pool is using a max instance size of 16 (per class), which is derived from the number of CPUs on this host.
2020-06-02 18:00:17,069 INFO  [org.wildfly.extension.undertow] (ServerService Thread Pool -- 47) WFLYUT0014: Creating file handler for path '/Applications/keycloak-4.8.3.Final/welcome-content' with options [directory-listing: 'false', follow-symlink: 'false', case-sensitive: 'true', safe-symlink-paths: '[]']
2020-06-02 18:00:17,079 INFO  [org.wildfly.extension.undertow] (MSC service thread 1-4) WFLYUT0012: Started server default-server.
2020-06-02 18:00:17,083 INFO  [org.wildfly.extension.undertow] (MSC service thread 1-3) WFLYUT0018: Host default-host starting
2020-06-02 18:00:17,173 INFO  [org.wildfly.extension.undertow] (MSC service thread 1-1) WFLYUT0006: Undertow HTTP listener default listening on 127.0.0.1:8080
2020-06-02 18:00:17,270 INFO  [org.jboss.as.ejb3] (MSC service thread 1-2) WFLYEJB0493: EJB subsystem suspension complete
2020-06-02 18:00:17,364 INFO  [org.jboss.as.connector.subsystems.datasources] (MSC service thread 1-4) WFLYJCA0001: Bound data source [java:jboss/datasources/ExampleDS]
2020-06-02 18:00:17,364 INFO  [org.jboss.as.connector.subsystems.datasources] (MSC service thread 1-2) WFLYJCA0001: Bound data source [java:jboss/datasources/KeycloakDS]
2020-06-02 18:00:17,663 INFO  [org.jboss.as.patching] (MSC service thread 1-2) WFLYPAT0050: Keycloak cumulative patch ID is: base, one-off patches include: none
2020-06-02 18:00:17,678 WARN  [org.jboss.as.domain.management.security] (MSC service thread 1-3) WFLYDM0111: Keystore /Applications/keycloak-4.8.3.Final/standalone/configuration/application.keystore not found, it will be auto generated on first use with a self signed certificate for host localhost
2020-06-02 18:00:17,685 INFO  [org.jboss.as.server.deployment.scanner] (MSC service thread 1-8) WFLYDS0013: Started FileSystemDeploymentService for directory /Applications/keycloak-4.8.3.Final/standalone/deployments
2020-06-02 18:00:17,697 INFO  [org.jboss.as.server.deployment] (MSC service thread 1-3) WFLYSRV0027: Starting deployment of "keycloak-addon-0.1.jar" (runtime-name: "keycloak-addon-0.1.jar")
2020-06-02 18:00:17,697 INFO  [org.jboss.as.server.deployment] (MSC service thread 1-1) WFLYSRV0027: Starting deployment of "keycloak-server.war" (runtime-name: "keycloak-server.war")
2020-06-02 18:00:17,851 INFO  [org.wildfly.extension.undertow] (MSC service thread 1-4) WFLYUT0006: Undertow HTTPS listener https listening on 127.0.0.1:8443
2020-06-02 18:00:17,910 INFO  [org.keycloak.subsystem.server.extension.KeycloakProviderDeploymentProcessor] (MSC service thread 1-7) Deploying Keycloak provider: keycloak-addon-0.1.jar
2020-06-02 18:00:18,227 WARN  [org.jboss.as.dependency.private] (MSC service thread 1-8) WFLYSRV0018: Deployment "deployment.keycloak-server.war" is using a private module ("org.kie") which may be changed or removed in future versions without notice.
2020-06-02 18:00:18,595 INFO  [org.infinispan.factories.GlobalComponentRegistry] (MSC service thread 1-2) ISPN000128: Infinispan version: Infinispan 'Estrella Galicia' 9.3.1.Final
2020-06-02 18:00:19,002 INFO  [org.jboss.as.clustering.infinispan] (ServerService Thread Pool -- 51) WFLYCLINF0002: Started realms cache from keycloak container
2020-06-02 18:00:19,002 INFO  [org.jboss.as.clustering.infinispan] (ServerService Thread Pool -- 53) WFLYCLINF0002: Started clientSessions cache from keycloak container
2020-06-02 18:00:19,003 INFO  [org.jboss.as.clustering.infinispan] (ServerService Thread Pool -- 55) WFLYCLINF0002: Started offlineSessions cache from keycloak container
2020-06-02 18:00:19,006 INFO  [org.jboss.as.clustering.infinispan] (ServerService Thread Pool -- 57) WFLYCLINF0002: Started work cache from keycloak container
2020-06-02 18:00:19,006 INFO  [org.jboss.as.clustering.infinispan] (ServerService Thread Pool -- 54) WFLYCLINF0002: Started authenticationSessions cache from keycloak container
2020-06-02 18:00:19,006 INFO  [org.jboss.as.clustering.infinispan] (ServerService Thread Pool -- 56) WFLYCLINF0002: Started loginFailures cache from keycloak container
2020-06-02 18:00:19,006 INFO  [org.jboss.as.clustering.infinispan] (ServerService Thread Pool -- 59) WFLYCLINF0002: Started offlineClientSessions cache from keycloak container
2020-06-02 18:00:19,008 INFO  [org.jboss.as.clustering.infinispan] (ServerService Thread Pool -- 58) WFLYCLINF0002: Started authorization cache from keycloak container
2020-06-02 18:00:19,008 INFO  [org.jboss.as.clustering.infinispan] (ServerService Thread Pool -- 52) WFLYCLINF0002: Started sessions cache from keycloak container
2020-06-02 18:00:19,008 INFO  [org.jboss.as.clustering.infinispan] (ServerService Thread Pool -- 48) WFLYCLINF0002: Started actionTokens cache from keycloak container
2020-06-02 18:00:19,009 INFO  [org.jboss.as.clustering.infinispan] (ServerService Thread Pool -- 49) WFLYCLINF0002: Started keys cache from keycloak container
2020-06-02 18:00:19,009 INFO  [org.jboss.as.clustering.infinispan] (ServerService Thread Pool -- 50) WFLYCLINF0002: Started users cache from keycloak container
2020-06-02 18:00:19,012 INFO  [org.jboss.as.clustering.infinispan] (ServerService Thread Pool -- 60) WFLYCLINF0002: Started client-mappings cache from ejb container
2020-06-02 18:00:20,124 INFO  [org.keycloak.services] (ServerService Thread Pool -- 48) KC-SERVICES0001: Loading config from standalone.xml or domain.xml
2020-06-02 18:00:20,765 WARN  [org.keycloak.services] (ServerService Thread Pool -- 48) KC-SERVICES0047: BCrypt (eu.europeana.keycloak.password.BCryptPasswordHashProviderFactory) is implementing the internal SPI password-hashing. This SPI is internal and may change without notice
2020-06-02 18:00:20,837 INFO  [org.jboss.as.clustering.infinispan] (ServerService Thread Pool -- 48) WFLYCLINF0002: Started realmRevisions cache from keycloak container
2020-06-02 18:00:20,844 INFO  [org.jboss.as.clustering.infinispan] (ServerService Thread Pool -- 48) WFLYCLINF0002: Started userRevisions cache from keycloak container
2020-06-02 18:00:20,862 INFO  [org.jboss.as.clustering.infinispan] (ServerService Thread Pool -- 48) WFLYCLINF0002: Started authorizationRevisions cache from keycloak container
2020-06-02 18:00:20,864 INFO  [org.keycloak.connections.infinispan.DefaultInfinispanConnectionProviderFactory] (ServerService Thread Pool -- 48) Node name: dorthonion, Site name: null
2020-06-02 18:00:24,420 INFO  [org.hibernate.jpa.internal.util.LogHelper] (ServerService Thread Pool -- 48) HHH000204: Processing PersistenceUnitInfo [
	name: keycloak-default
	...]
2020-06-02 18:00:24,531 INFO  [org.hibernate.Version] (ServerService Thread Pool -- 48) HHH000412: Hibernate Core {5.3.6.Final}
2020-06-02 18:00:24,533 INFO  [org.hibernate.cfg.Environment] (ServerService Thread Pool -- 48) HHH000206: hibernate.properties not found
2020-06-02 18:00:24,758 INFO  [org.hibernate.annotations.common.Version] (ServerService Thread Pool -- 48) HCANN000001: Hibernate Commons Annotations {5.0.4.Final}
2020-06-02 18:00:25,047 INFO  [org.hibernate.dialect.Dialect] (ServerService Thread Pool -- 48) HHH000400: Using dialect: org.hibernate.dialect.PostgreSQL95Dialect
2020-06-02 18:00:25,236 INFO  [org.hibernate.engine.jdbc.env.internal.LobCreatorBuilderImpl] (ServerService Thread Pool -- 48) HHH000424: Disabling contextual LOB creation as createClob() method threw error : java.lang.reflect.InvocationTargetException
2020-06-02 18:00:25,244 INFO  [org.hibernate.type.BasicTypeRegistry] (ServerService Thread Pool -- 48) HHH000270: Type registration [java.util.UUID] overrides previous : org.hibernate.type.UUIDBinaryType@1402f6de
2020-06-02 18:00:25,252 INFO  [org.hibernate.envers.boot.internal.EnversServiceImpl] (ServerService Thread Pool -- 48) Envers integration enabled? : true
2020-06-02 18:00:25,943 INFO  [org.hibernate.orm.beans] (ServerService Thread Pool -- 48) HHH10005002: No explicit CDI BeanManager reference was passed to Hibernate, but CDI is available on the Hibernate ClassLoader.
2020-06-02 18:00:26,032 INFO  [org.hibernate.validator.internal.util.Version] (ServerService Thread Pool -- 48) HV000001: Hibernate Validator 6.0.13.Final
2020-06-02 18:00:27,963 INFO  [org.hibernate.hql.internal.QueryTranslatorFactoryInitiator] (ServerService Thread Pool -- 48) HHH000397: Using ASTQueryTranslatorFactory
2020-06-02 18:00:29,078 INFO  [org.jboss.resteasy.resteasy_jaxrs.i18n] (ServerService Thread Pool -- 48) RESTEASY002225: Deploying javax.ws.rs.core.Application: class org.keycloak.services.resources.KeycloakApplication
2020-06-02 18:00:29,081 INFO  [org.jboss.resteasy.resteasy_jaxrs.i18n] (ServerService Thread Pool -- 48) RESTEASY002200: Adding class resource org.keycloak.services.resources.JsResource from Application class org.keycloak.services.resources.KeycloakApplication
2020-06-02 18:00:29,082 INFO  [org.jboss.resteasy.resteasy_jaxrs.i18n] (ServerService Thread Pool -- 48) RESTEASY002205: Adding provider class org.keycloak.services.filters.KeycloakStringEntityFilter from Application class org.keycloak.services.resources.KeycloakApplication
2020-06-02 18:00:29,082 INFO  [org.jboss.resteasy.resteasy_jaxrs.i18n] (ServerService Thread Pool -- 48) RESTEASY002205: Adding provider class org.keycloak.services.filters.KeycloakTransactionCommitter from Application class org.keycloak.services.resources.KeycloakApplication
2020-06-02 18:00:29,082 INFO  [org.jboss.resteasy.resteasy_jaxrs.i18n] (ServerService Thread Pool -- 48) RESTEASY002205: Adding provider class org.keycloak.services.error.KeycloakErrorHandler from Application class org.keycloak.services.resources.KeycloakApplication
2020-06-02 18:00:29,083 INFO  [org.jboss.resteasy.resteasy_jaxrs.i18n] (ServerService Thread Pool -- 48) RESTEASY002200: Adding class resource org.keycloak.services.resources.ThemeResource from Application class org.keycloak.services.resources.KeycloakApplication
2020-06-02 18:00:29,083 INFO  [org.jboss.resteasy.resteasy_jaxrs.i18n] (ServerService Thread Pool -- 48) RESTEASY002210: Adding provider singleton org.keycloak.services.util.ObjectMapperResolver from Application class org.keycloak.services.resources.KeycloakApplication
2020-06-02 18:00:29,083 INFO  [org.jboss.resteasy.resteasy_jaxrs.i18n] (ServerService Thread Pool -- 48) RESTEASY002220: Adding singleton resource org.keycloak.services.resources.RealmsResource from Application class org.keycloak.services.resources.KeycloakApplication
2020-06-02 18:00:29,084 INFO  [org.jboss.resteasy.resteasy_jaxrs.i18n] (ServerService Thread Pool -- 48) RESTEASY002220: Adding singleton resource org.keycloak.services.resources.admin.AdminRoot from Application class org.keycloak.services.resources.KeycloakApplication
2020-06-02 18:00:29,084 INFO  [org.jboss.resteasy.resteasy_jaxrs.i18n] (ServerService Thread Pool -- 48) RESTEASY002220: Adding singleton resource org.keycloak.services.resources.WelcomeResource from Application class org.keycloak.services.resources.KeycloakApplication
2020-06-02 18:00:29,084 INFO  [org.jboss.resteasy.resteasy_jaxrs.i18n] (ServerService Thread Pool -- 48) RESTEASY002220: Adding singleton resource org.keycloak.services.resources.RobotsResource from Application class org.keycloak.services.resources.KeycloakApplication
2020-06-02 18:00:29,201 INFO  [org.wildfly.extension.undertow] (ServerService Thread Pool -- 48) WFLYUT0021: Registered web context: '/auth' for server 'default-server'
2020-06-02 18:00:29,237 INFO  [org.jboss.as.server] (ServerService Thread Pool -- 29) WFLYSRV0010: Deployed "keycloak-addon-0.1.jar" (runtime-name : "keycloak-addon-0.1.jar")
2020-06-02 18:00:29,248 INFO  [org.jboss.as.server] (ServerService Thread Pool -- 39) WFLYSRV0010: Deployed "keycloak-server.war" (runtime-name : "keycloak-server.war")
2020-06-02 18:00:29,379 INFO  [org.jboss.as.server] (Controller Boot Thread) WFLYSRV0212: Resuming server
2020-06-02 18:00:29,383 INFO  [org.jboss.as] (Controller Boot Thread) WFLYSRV0060: Http management interface listening on http://127.0.0.1:9990/management
2020-06-02 18:00:29,392 INFO  [org.jboss.as] (Controller Boot Thread) WFLYSRV0051: Admin console listening on http://127.0.0.1:9990
2020-06-02 18:00:29,392 INFO  [org.jboss.as] (Controller Boot Thread) WFLYSRV0025: Keycloak 4.8.3.Final (WildFly Core 6.0.2.Final) started in 16566ms - Started 613 of 871 services (560 services are lazy, passive or on-demand)
2020-06-02 18:08:59,104 INFO  [org.jboss.as.server] (Thread-1) WFLYSRV0236: Suspending server with no timeout.
2020-06-02 18:08:59,108 INFO  [org.jboss.as.ejb3] (Thread-1) WFLYEJB0493: EJB subsystem suspension complete
2020-06-02 18:08:59,110 INFO  [org.jboss.as.server] (Thread-1) WFLYSRV0220: Server shutdown has been requested via an OS signal
2020-06-02 18:08:59,139 INFO  [org.jboss.as.connector.subsystems.datasources] (MSC service thread 1-3) WFLYJCA0010: Unbound data source [java:jboss/datasources/KeycloakDS]
2020-06-02 18:08:59,142 INFO  [org.jboss.as.mail.extension] (MSC service thread 1-8) WFLYMAIL0002: Unbound mail session [java:jboss/mail/Default]
2020-06-02 18:08:59,149 INFO  [org.wildfly.extension.undertow] (ServerService Thread Pool -- 63) WFLYUT0022: Unregistered web context: '/auth' from server 'default-server'
2020-06-02 18:08:59,151 INFO  [org.wildfly.extension.undertow] (MSC service thread 1-6) WFLYUT0008: Undertow HTTPS listener https suspending
2020-06-02 18:08:59,155 INFO  [org.keycloak.subsystem.server.extension.KeycloakProviderDeploymentProcessor] (MSC service thread 1-8) Undeploying Keycloak provider: keycloak-addon-0.1.jar
2020-06-02 18:08:59,163 INFO  [org.wildfly.extension.undertow] (MSC service thread 1-6) WFLYUT0007: Undertow HTTPS listener https stopped, was bound to 127.0.0.1:8443
2020-06-02 18:08:59,190 INFO  [org.jboss.as.connector.deployers.jdbc] (MSC service thread 1-4) WFLYJCA0019: Stopped Driver service with driver-name = postgresql
2020-06-02 18:08:59,202 INFO  [org.jboss.as.connector.subsystems.datasources] (MSC service thread 1-2) WFLYJCA0010: Unbound data source [java:jboss/datasources/ExampleDS]
2020-06-02 18:08:59,207 INFO  [org.jboss.as.connector.deployers.jdbc] (MSC service thread 1-2) WFLYJCA0019: Stopped Driver service with driver-name = h2
2020-06-02 18:08:59,213 INFO  [org.jboss.as.clustering.infinispan] (ServerService Thread Pool -- 63) WFLYCLINF0003: Stopped client-mappings cache from ejb container
2020-06-02 18:08:59,222 INFO  [org.wildfly.extension.undertow] (MSC service thread 1-1) WFLYUT0019: Host default-host stopping
2020-06-02 18:08:59,223 INFO  [org.jboss.as.server.deployment] (MSC service thread 1-4) WFLYSRV0028: Stopped deployment keycloak-addon-0.1.jar (runtime-name: keycloak-addon-0.1.jar) in 107ms
2020-06-02 18:08:59,226 INFO  [org.jboss.as.clustering.infinispan] (ServerService Thread Pool -- 63) WFLYCLINF0003: Stopped work cache from keycloak container
2020-06-02 18:08:59,227 INFO  [org.jboss.as.clustering.infinispan] (ServerService Thread Pool -- 65) WFLYCLINF0003: Stopped offlineSessions cache from keycloak container
2020-06-02 18:08:59,228 INFO  [org.wildfly.extension.undertow] (MSC service thread 1-6) WFLYUT0008: Undertow HTTP listener default suspending
2020-06-02 18:08:59,228 INFO  [org.jboss.as.clustering.infinispan] (ServerService Thread Pool -- 65) WFLYCLINF0003: Stopped sessions cache from keycloak container
2020-06-02 18:08:59,229 INFO  [org.wildfly.extension.undertow] (MSC service thread 1-6) WFLYUT0007: Undertow HTTP listener default stopped, was bound to 127.0.0.1:8080
2020-06-02 18:08:59,232 INFO  [org.jboss.as.clustering.infinispan] (ServerService Thread Pool -- 63) WFLYCLINF0003: Stopped offlineClientSessions cache from keycloak container
2020-06-02 18:08:59,232 INFO  [org.jboss.as.clustering.infinispan] (ServerService Thread Pool -- 64) WFLYCLINF0003: Stopped clientSessions cache from keycloak container
2020-06-02 18:08:59,234 INFO  [org.wildfly.extension.undertow] (MSC service thread 1-7) WFLYUT0004: Undertow 2.0.13.Final stopping
2020-06-02 18:08:59,234 INFO  [org.jboss.as.clustering.infinispan] (ServerService Thread Pool -- 69) WFLYCLINF0003: Stopped loginFailures cache from keycloak container
2020-06-02 18:08:59,237 INFO  [org.jboss.as.clustering.infinispan] (ServerService Thread Pool -- 68) WFLYCLINF0003: Stopped keys cache from keycloak container
2020-06-02 18:08:59,238 INFO  [org.jboss.as.clustering.infinispan] (ServerService Thread Pool -- 70) WFLYCLINF0003: Stopped authenticationSessions cache from keycloak container
2020-06-02 18:08:59,238 INFO  [org.jboss.as.clustering.infinispan] (ServerService Thread Pool -- 71) WFLYCLINF0003: Stopped actionTokens cache from keycloak container
2020-06-02 18:08:59,247 INFO  [org.jboss.as.clustering.infinispan] (ServerService Thread Pool -- 16) WFLYCLINF0003: Stopped authorization cache from keycloak container
2020-06-02 18:08:59,248 INFO  [org.jboss.as.clustering.infinispan] (ServerService Thread Pool -- 66) WFLYCLINF0003: Stopped users cache from keycloak container
2020-06-02 18:08:59,249 INFO  [org.jboss.as.clustering.infinispan] (ServerService Thread Pool -- 67) WFLYCLINF0003: Stopped realms cache from keycloak container
2020-06-02 18:08:59,253 INFO  [org.jboss.as.server.deployment] (MSC service thread 1-8) WFLYSRV0028: Stopped deployment keycloak-server.war (runtime-name: keycloak-server.war) in 141ms
2020-06-02 18:08:59,256 INFO  [org.jboss.as.clustering.infinispan] (MSC service thread 1-3) WFLYCLINF0003: Stopped authorizationRevisions cache from keycloak container
2020-06-02 18:08:59,261 INFO  [org.jboss.as.clustering.infinispan] (MSC service thread 1-3) WFLYCLINF0003: Stopped realmRevisions cache from keycloak container
2020-06-02 18:08:59,266 INFO  [org.jboss.as.clustering.infinispan] (MSC service thread 1-3) WFLYCLINF0003: Stopped userRevisions cache from keycloak container
2020-06-02 18:08:59,275 INFO  [org.jboss.as] (MSC service thread 1-8) WFLYSRV0050: Keycloak 4.8.3.Final (WildFly Core 6.0.2.Final) stopped in 162ms
2020-06-02 18:30:35,499 WARN  [org.jboss.as.domain.management.security] (MSC service thread 1-2) WFLYDM0111: Keystore /Applications/keycloak-9.0.3/standalone/configuration/application.keystore not found, it will be auto generated on first use with a self signed certificate for host localhost
2020-06-02 18:30:35,512 INFO  [org.jboss.as.server.deployment.scanner] (MSC service thread 1-1) WFLYDS0013: Started FileSystemDeploymentService for directory /Applications/keycloak-9.0.3/standalone/deployments
2020-06-02 18:30:35,529 INFO  [org.jboss.as.server.deployment] (MSC service thread 1-7) WFLYSRV0027: Starting deployment of "keycloak-addon-0.1.jar" (runtime-name: "keycloak-addon-0.1.jar")
2020-06-02 18:30:35,534 INFO  [org.jboss.as.server.deployment] (MSC service thread 1-5) WFLYSRV0027: Starting deployment of "keycloak-server.war" (runtime-name: "keycloak-server.war")
2020-06-02 18:30:35,648 INFO  [org.wildfly.extension.undertow] (MSC service thread 1-3) WFLYUT0006: Undertow HTTPS listener https listening on 127.0.0.1:8443
2020-06-02 18:30:36,324 INFO  [org.keycloak.subsystem.server.extension.KeycloakProviderDeploymentProcessor] (MSC service thread 1-6) Deploying Keycloak provider: keycloak-addon-0.1.jar
2020-06-02 18:30:36,442 INFO  [org.infinispan.factories.GlobalComponentRegistry] (MSC service thread 1-4) ISPN000128: Infinispan version: Infinispan 'Infinity Minus ONE +2' 9.4.16.Final
2020-06-02 18:30:36,885 INFO  [org.jboss.as.clustering.infinispan] (ServerService Thread Pool -- 59) WFLYCLINF0002: Started users cache from keycloak container
2020-06-02 18:30:36,885 INFO  [org.jboss.as.clustering.infinispan] (ServerService Thread Pool -- 66) WFLYCLINF0002: Started sessions cache from keycloak container
2020-06-02 18:30:36,885 INFO  [org.jboss.as.clustering.infinispan] (ServerService Thread Pool -- 63) WFLYCLINF0002: Started clientSessions cache from keycloak container
2020-06-02 18:30:36,885 INFO  [org.jboss.as.clustering.infinispan] (ServerService Thread Pool -- 65) WFLYCLINF0002: Started offlineClientSessions cache from keycloak container
2020-06-02 18:30:36,885 INFO  [org.jboss.as.clustering.infinispan] (ServerService Thread Pool -- 56) WFLYCLINF0002: Started offlineSessions cache from keycloak container
2020-06-02 18:30:36,885 INFO  [org.jboss.as.clustering.infinispan] (ServerService Thread Pool -- 64) WFLYCLINF0002: Started work cache from keycloak container
2020-06-02 18:30:36,887 INFO  [org.jboss.as.clustering.infinispan] (ServerService Thread Pool -- 60) WFLYCLINF0002: Started authenticationSessions cache from keycloak container
2020-06-02 18:30:36,888 INFO  [org.jboss.as.clustering.infinispan] (ServerService Thread Pool -- 58) WFLYCLINF0002: Started authorization cache from keycloak container
2020-06-02 18:30:36,888 INFO  [org.jboss.as.clustering.infinispan] (ServerService Thread Pool -- 62) WFLYCLINF0002: Started realms cache from keycloak container
2020-06-02 18:30:36,889 INFO  [org.jboss.as.clustering.infinispan] (ServerService Thread Pool -- 61) WFLYCLINF0002: Started loginFailures cache from keycloak container
2020-06-02 18:30:36,889 INFO  [org.jboss.as.clustering.infinispan] (ServerService Thread Pool -- 57) WFLYCLINF0002: Started keys cache from keycloak container
2020-06-02 18:30:36,894 INFO  [org.jboss.as.clustering.infinispan] (ServerService Thread Pool -- 67) WFLYCLINF0002: Started actionTokens cache from keycloak container
2020-06-02 18:30:37,052 INFO  [org.jboss.as.clustering.infinispan] (ServerService Thread Pool -- 68) WFLYCLINF0002: Started client-mappings cache from ejb container
2020-06-02 18:30:37,091 WARN  [org.jboss.as.server.deployment] (MSC service thread 1-3) WFLYSRV0273: Excluded subsystem webservices via jboss-deployment-structure.xml does not exist.
2020-06-02 18:30:38,069 INFO  [org.keycloak.services] (ServerService Thread Pool -- 57) KC-SERVICES0001: Loading config from standalone.xml or domain.xml
2020-06-02 18:30:38,357 INFO  [org.keycloak.url.DefaultHostnameProviderFactory] (ServerService Thread Pool -- 57) Frontend: <request>, Admin: <frontend>, Backend: <request>
2020-06-02 18:30:38,829 WARN  [org.keycloak.services] (ServerService Thread Pool -- 57) KC-SERVICES0047: BCrypt (eu.europeana.keycloak.password.BCryptPasswordHashProviderFactory) is implementing the internal SPI password-hashing. This SPI is internal and may change without notice
2020-06-02 18:30:38,894 INFO  [org.jboss.as.clustering.infinispan] (ServerService Thread Pool -- 57) WFLYCLINF0002: Started realmRevisions cache from keycloak container
2020-06-02 18:30:38,906 INFO  [org.jboss.as.clustering.infinispan] (ServerService Thread Pool -- 57) WFLYCLINF0002: Started userRevisions cache from keycloak container
2020-06-02 18:30:38,958 INFO  [org.jboss.as.clustering.infinispan] (ServerService Thread Pool -- 57) WFLYCLINF0002: Started authorizationRevisions cache from keycloak container
2020-06-02 18:30:38,960 INFO  [org.keycloak.connections.infinispan.DefaultInfinispanConnectionProviderFactory] (ServerService Thread Pool -- 57) Node name: dorthonion, Site name: null
2020-06-02 18:30:43,288 INFO  [org.keycloak.connections.jpa.updater.liquibase.LiquibaseJpaUpdaterProvider] (ServerService Thread Pool -- 57) Updating database. Using changelog META-INF/jpa-changelog-master.xml
2020-06-02 18:30:43,590 INFO  [org.hibernate.jpa.internal.util.LogHelper] (ServerService Thread Pool -- 57) HHH000204: Processing PersistenceUnitInfo [
	name: keycloak-default
	...]
2020-06-02 18:30:43,703 INFO  [org.hibernate.Version] (ServerService Thread Pool -- 57) HHH000412: Hibernate Core {5.3.13.Final}
2020-06-02 18:30:43,705 INFO  [org.hibernate.cfg.Environment] (ServerService Thread Pool -- 57) HHH000206: hibernate.properties not found
2020-06-02 18:30:43,985 INFO  [org.hibernate.annotations.common.Version] (ServerService Thread Pool -- 57) HCANN000001: Hibernate Commons Annotations {5.0.5.Final}
2020-06-02 18:30:44,243 INFO  [org.hibernate.dialect.Dialect] (ServerService Thread Pool -- 57) HHH000400: Using dialect: org.hibernate.dialect.PostgreSQL95Dialect
2020-06-02 18:30:44,366 INFO  [org.hibernate.engine.jdbc.env.internal.LobCreatorBuilderImpl] (ServerService Thread Pool -- 57) HHH000424: Disabling contextual LOB creation as createClob() method threw error : java.lang.reflect.InvocationTargetException
2020-06-02 18:30:44,378 INFO  [org.hibernate.type.BasicTypeRegistry] (ServerService Thread Pool -- 57) HHH000270: Type registration [java.util.UUID] overrides previous : org.hibernate.type.UUIDBinaryType@4431b92
2020-06-02 18:30:44,388 INFO  [org.hibernate.envers.boot.internal.EnversServiceImpl] (ServerService Thread Pool -- 57) Envers integration enabled? : true
2020-06-02 18:30:45,136 INFO  [org.hibernate.orm.beans] (ServerService Thread Pool -- 57) HHH10005002: No explicit CDI BeanManager reference was passed to Hibernate, but CDI is available on the Hibernate ClassLoader.
2020-06-02 18:30:45,243 INFO  [org.hibernate.validator.internal.util.Version] (ServerService Thread Pool -- 57) HV000001: Hibernate Validator 6.0.18.Final
2020-06-02 18:30:47,032 INFO  [org.hibernate.hql.internal.QueryTranslatorFactoryInitiator] (ServerService Thread Pool -- 57) HHH000397: Using ASTQueryTranslatorFactory
2020-06-02 18:30:50,278 INFO  [org.jboss.resteasy.resteasy_jaxrs.i18n] (ServerService Thread Pool -- 57) RESTEASY002225: Deploying javax.ws.rs.core.Application: class org.keycloak.services.resources.KeycloakApplication
2020-06-02 18:30:50,281 INFO  [org.jboss.resteasy.resteasy_jaxrs.i18n] (ServerService Thread Pool -- 57) RESTEASY002200: Adding class resource org.keycloak.services.resources.ThemeResource from Application class org.keycloak.services.resources.KeycloakApplication
2020-06-02 18:30:50,281 INFO  [org.jboss.resteasy.resteasy_jaxrs.i18n] (ServerService Thread Pool -- 57) RESTEASY002205: Adding provider class org.keycloak.services.error.KeycloakErrorHandler from Application class org.keycloak.services.resources.KeycloakApplication
2020-06-02 18:30:50,282 INFO  [org.jboss.resteasy.resteasy_jaxrs.i18n] (ServerService Thread Pool -- 57) RESTEASY002205: Adding provider class org.keycloak.services.filters.KeycloakTransactionCommitter from Application class org.keycloak.services.resources.KeycloakApplication
2020-06-02 18:30:50,282 INFO  [org.jboss.resteasy.resteasy_jaxrs.i18n] (ServerService Thread Pool -- 57) RESTEASY002200: Adding class resource org.keycloak.services.resources.JsResource from Application class org.keycloak.services.resources.KeycloakApplication
2020-06-02 18:30:50,282 INFO  [org.jboss.resteasy.resteasy_jaxrs.i18n] (ServerService Thread Pool -- 57) RESTEASY002220: Adding singleton resource org.keycloak.services.resources.RobotsResource from Application class org.keycloak.services.resources.KeycloakApplication
2020-06-02 18:30:50,283 INFO  [org.jboss.resteasy.resteasy_jaxrs.i18n] (ServerService Thread Pool -- 57) RESTEASY002220: Adding singleton resource org.keycloak.services.resources.RealmsResource from Application class org.keycloak.services.resources.KeycloakApplication
2020-06-02 18:30:50,283 INFO  [org.jboss.resteasy.resteasy_jaxrs.i18n] (ServerService Thread Pool -- 57) RESTEASY002220: Adding singleton resource org.keycloak.services.resources.WelcomeResource from Application class org.keycloak.services.resources.KeycloakApplication
2020-06-02 18:30:50,284 INFO  [org.jboss.resteasy.resteasy_jaxrs.i18n] (ServerService Thread Pool -- 57) RESTEASY002210: Adding provider singleton org.keycloak.services.util.ObjectMapperResolver from Application class org.keycloak.services.resources.KeycloakApplication
2020-06-02 18:30:50,284 INFO  [org.jboss.resteasy.resteasy_jaxrs.i18n] (ServerService Thread Pool -- 57) RESTEASY002220: Adding singleton resource org.keycloak.services.resources.admin.AdminRoot from Application class org.keycloak.services.resources.KeycloakApplication
2020-06-02 18:30:50,415 INFO  [org.wildfly.extension.undertow] (ServerService Thread Pool -- 57) WFLYUT0021: Registered web context: '/auth' for server 'default-server'
2020-06-02 18:30:50,516 INFO  [org.jboss.as.server] (ServerService Thread Pool -- 33) WFLYSRV0010: Deployed "keycloak-addon-0.1.jar" (runtime-name : "keycloak-addon-0.1.jar")
2020-06-02 18:30:50,517 INFO  [org.jboss.as.server] (ServerService Thread Pool -- 43) WFLYSRV0010: Deployed "keycloak-server.war" (runtime-name : "keycloak-server.war")
2020-06-02 18:30:50,592 INFO  [org.jboss.as.server] (Controller Boot Thread) WFLYSRV0212: Resuming server
2020-06-02 18:30:50,596 INFO  [org.jboss.as] (Controller Boot Thread) WFLYSRV0060: Http management interface listening on http://127.0.0.1:9990/management
2020-06-02 18:30:50,596 INFO  [org.jboss.as] (Controller Boot Thread) WFLYSRV0051: Admin console listening on http://127.0.0.1:9990
2020-06-02 18:30:50,596 INFO  [org.jboss.as] (Controller Boot Thread) WFLYSRV0025: Keycloak 9.0.3 (WildFly Core 10.0.3.Final) started in 20003ms - Started 635 of 931 services (604 services are lazy, passive or on-demand)
2020-06-02 18:34:47,849 INFO  [org.jboss.as.server] (Thread-1) WFLYSRV0272: Suspending server
2020-06-02 18:34:47,853 INFO  [org.jboss.as.ejb3] (Thread-1) WFLYEJB0493: EJB subsystem suspension complete
2020-06-02 18:34:47,854 INFO  [org.jboss.as.server] (Thread-1) WFLYSRV0220: Server shutdown has been requested via an OS signal
2020-06-02 18:34:47,882 INFO  [org.jboss.as.connector.subsystems.datasources] (MSC service thread 1-5) WFLYJCA0010: Unbound data source [java:jboss/datasources/KeycloakDS]
2020-06-02 18:34:47,888 INFO  [org.jboss.as.mail.extension] (MSC service thread 1-8) WFLYMAIL0002: Unbound mail session [java:jboss/mail/Default]
2020-06-02 18:34:47,899 INFO  [org.wildfly.extension.undertow] (ServerService Thread Pool -- 57) WFLYUT0022: Unregistered web context: '/auth' from server 'default-server'
2020-06-02 18:34:47,903 INFO  [org.wildfly.extension.undertow] (MSC service thread 1-8) WFLYUT0008: Undertow HTTPS listener https suspending
2020-06-02 18:34:47,909 INFO  [org.keycloak.subsystem.server.extension.KeycloakProviderDeploymentProcessor] (MSC service thread 1-4) Undeploying Keycloak provider: keycloak-addon-0.1.jar
2020-06-02 18:34:47,910 INFO  [org.wildfly.extension.undertow] (MSC service thread 1-8) WFLYUT0007: Undertow HTTPS listener https stopped, was bound to 127.0.0.1:8443
2020-06-02 18:34:47,916 INFO  [org.jboss.as.connector.deployers.jdbc] (MSC service thread 1-6) WFLYJCA0019: Stopped Driver service with driver-name = postgresql
2020-06-02 18:34:47,928 INFO  [org.jboss.as.connector.subsystems.datasources] (MSC service thread 1-5) WFLYJCA0010: Unbound data source [java:jboss/datasources/ExampleDS]
2020-06-02 18:34:47,930 INFO  [org.wildfly.extension.undertow] (MSC service thread 1-1) WFLYUT0019: Host default-host stopping
2020-06-02 18:34:47,932 INFO  [org.jboss.as.connector.deployers.jdbc] (MSC service thread 1-7) WFLYJCA0019: Stopped Driver service with driver-name = h2
2020-06-02 18:34:47,935 INFO  [org.jboss.as.clustering.infinispan] (ServerService Thread Pool -- 57) WFLYCLINF0003: Stopped actionTokens cache from keycloak container
2020-06-02 18:34:47,937 INFO  [org.jboss.as.clustering.infinispan] (ServerService Thread Pool -- 71) WFLYCLINF0003: Stopped loginFailures cache from keycloak container
2020-06-02 18:34:47,936 INFO  [org.jboss.as.clustering.infinispan] (ServerService Thread Pool -- 72) WFLYCLINF0003: Stopped clientSessions cache from keycloak container
2020-06-02 18:34:47,941 INFO  [org.jboss.as.clustering.infinispan] (ServerService Thread Pool -- 71) WFLYCLINF0003: Stopped offlineSessions cache from keycloak container
2020-06-02 18:34:47,947 INFO  [org.jboss.as.clustering.infinispan] (ServerService Thread Pool -- 77) WFLYCLINF0003: Stopped sessions cache from keycloak container
2020-06-02 18:34:47,947 INFO  [org.jboss.as.clustering.infinispan] (ServerService Thread Pool -- 78) WFLYCLINF0003: Stopped authenticationSessions cache from keycloak container
2020-06-02 18:34:47,947 INFO  [org.jboss.as.clustering.infinispan] (ServerService Thread Pool -- 76) WFLYCLINF0003: Stopped offlineClientSessions cache from keycloak container
2020-06-02 18:34:47,949 INFO  [org.jboss.as.clustering.infinispan] (ServerService Thread Pool -- 79) WFLYCLINF0003: Stopped work cache from keycloak container
2020-06-02 18:34:47,950 INFO  [org.jboss.as.clustering.infinispan] (ServerService Thread Pool -- 74) WFLYCLINF0003: Stopped keys cache from keycloak container
2020-06-02 18:34:47,951 INFO  [org.jboss.as.clustering.infinispan] (ServerService Thread Pool -- 75) WFLYCLINF0003: Stopped users cache from keycloak container
2020-06-02 18:34:47,957 INFO  [org.jboss.as.clustering.infinispan] (ServerService Thread Pool -- 73) WFLYCLINF0003: Stopped realms cache from keycloak container
2020-06-02 18:34:47,957 INFO  [org.jboss.as.clustering.infinispan] (ServerService Thread Pool -- 57) WFLYCLINF0003: Stopped authorization cache from keycloak container
2020-06-02 18:34:47,959 INFO  [org.jboss.as.server.deployment] (MSC service thread 1-1) WFLYSRV0028: Stopped deployment keycloak-addon-0.1.jar (runtime-name: keycloak-addon-0.1.jar) in 99ms
2020-06-02 18:34:47,966 INFO  [org.jboss.as.server.deployment] (MSC service thread 1-6) WFLYSRV0028: Stopped deployment keycloak-server.war (runtime-name: keycloak-server.war) in 109ms
2020-06-02 18:34:47,967 INFO  [org.wildfly.extension.undertow] (MSC service thread 1-4) WFLYUT0008: Undertow HTTP listener default suspending
2020-06-02 18:34:47,973 INFO  [org.wildfly.extension.undertow] (MSC service thread 1-4) WFLYUT0007: Undertow HTTP listener default stopped, was bound to 127.0.0.1:8080
2020-06-02 18:34:47,974 INFO  [org.wildfly.extension.undertow] (MSC service thread 1-6) WFLYUT0004: Undertow 2.0.27.Final stopping
2020-06-02 18:34:47,975 INFO  [org.jboss.as.clustering.infinispan] (ServerService Thread Pool -- 79) WFLYCLINF0003: Stopped client-mappings cache from ejb container
2020-06-02 18:34:47,996 INFO  [org.jboss.as] (MSC service thread 1-4) WFLYSRV0050: Keycloak 9.0.3 (WildFly Core 10.0.3.Final) stopped in 139ms
2020-06-02 19:04:08,282 INFO  [org.jboss.as.server.deployment.scanner] (MSC service thread 1-3) WFLYDS0013: Started FileSystemDeploymentService for directory /Applications/keycloak-10.0.1/standalone/deployments
2020-06-02 19:04:08,298 INFO  [org.jboss.as.server.deployment] (MSC service thread 1-1) WFLYSRV0027: Starting deployment of "keycloak-server.war" (runtime-name: "keycloak-server.war")
2020-06-02 19:04:08,300 INFO  [org.jboss.as.server.deployment] (MSC service thread 1-7) WFLYSRV0027: Starting deployment of "keycloak-addon-0.1.jar" (runtime-name: "keycloak-addon-0.1.jar")
2020-06-02 19:04:08,406 INFO  [org.wildfly.extension.undertow] (MSC service thread 1-3) WFLYUT0006: Undertow HTTPS listener https listening on 127.0.0.1:8443
2020-06-02 19:04:09,088 INFO  [org.keycloak.subsystem.server.extension.KeycloakProviderDeploymentProcessor] (MSC service thread 1-5) Deploying Keycloak provider: keycloak-addon-0.1.jar
2020-06-02 19:04:09,297 INFO  [org.infinispan.factories.GlobalComponentRegistry] (MSC service thread 1-2) ISPN000128: Infinispan version: Infinispan 'Infinity Minus ONE +2' 9.4.18.Final
2020-06-02 19:04:09,915 INFO  [org.jboss.as.clustering.infinispan] (ServerService Thread Pool -- 56) WFLYCLINF0002: Started users cache from keycloak container
2020-06-02 19:04:09,915 INFO  [org.jboss.as.clustering.infinispan] (ServerService Thread Pool -- 61) WFLYCLINF0002: Started authenticationSessions cache from keycloak container
2020-06-02 19:04:09,915 INFO  [org.jboss.as.clustering.infinispan] (ServerService Thread Pool -- 63) WFLYCLINF0002: Started work cache from keycloak container
2020-06-02 19:04:09,917 INFO  [org.jboss.as.clustering.infinispan] (ServerService Thread Pool -- 57) WFLYCLINF0002: Started offlineClientSessions cache from keycloak container
2020-06-02 19:04:09,917 INFO  [org.jboss.as.clustering.infinispan] (ServerService Thread Pool -- 67) WFLYCLINF0002: Started sessions cache from keycloak container
2020-06-02 19:04:09,917 INFO  [org.jboss.as.clustering.infinispan] (ServerService Thread Pool -- 60) WFLYCLINF0002: Started clientSessions cache from keycloak container
2020-06-02 19:04:09,915 INFO  [org.jboss.as.clustering.infinispan] (ServerService Thread Pool -- 58) WFLYCLINF0002: Started keys cache from keycloak container
2020-06-02 19:04:09,915 INFO  [org.jboss.as.clustering.infinispan] (ServerService Thread Pool -- 64) WFLYCLINF0002: Started loginFailures cache from keycloak container
2020-06-02 19:04:09,917 INFO  [org.jboss.as.clustering.infinispan] (ServerService Thread Pool -- 66) WFLYCLINF0002: Started actionTokens cache from keycloak container
2020-06-02 19:04:09,917 INFO  [org.jboss.as.clustering.infinispan] (ServerService Thread Pool -- 59) WFLYCLINF0002: Started offlineSessions cache from keycloak container
2020-06-02 19:04:09,918 INFO  [org.jboss.as.clustering.infinispan] (ServerService Thread Pool -- 62) WFLYCLINF0002: Started authorization cache from keycloak container
2020-06-02 19:04:09,918 INFO  [org.jboss.as.clustering.infinispan] (ServerService Thread Pool -- 65) WFLYCLINF0002: Started realms cache from keycloak container
2020-06-02 19:04:10,005 INFO  [org.jboss.as.clustering.infinispan] (ServerService Thread Pool -- 68) WFLYCLINF0002: Started client-mappings cache from ejb container
2020-06-02 19:04:10,150 WARN  [org.jboss.as.server.deployment] (MSC service thread 1-1) WFLYSRV0273: Excluded subsystem webservices via jboss-deployment-structure.xml does not exist.
2020-06-02 19:04:11,188 INFO  [org.keycloak.services] (ServerService Thread Pool -- 59) KC-SERVICES0001: Loading config from standalone.xml or domain.xml
2020-06-02 19:04:11,870 INFO  [org.keycloak.url.DefaultHostnameProviderFactory] (ServerService Thread Pool -- 59) Frontend: <request>, Admin: <frontend>, Backend: <request>
2020-06-02 19:04:12,005 WARN  [org.keycloak.services] (ServerService Thread Pool -- 59) KC-SERVICES0047: BCrypt (eu.europeana.keycloak.password.BCryptPasswordHashProviderFactory) is implementing the internal SPI password-hashing. This SPI is internal and may change without notice
2020-06-02 19:04:12,059 INFO  [org.jboss.as.clustering.infinispan] (ServerService Thread Pool -- 59) WFLYCLINF0002: Started realmRevisions cache from keycloak container
2020-06-02 19:04:12,072 INFO  [org.jboss.as.clustering.infinispan] (ServerService Thread Pool -- 59) WFLYCLINF0002: Started userRevisions cache from keycloak container
2020-06-02 19:04:12,095 INFO  [org.jboss.as.clustering.infinispan] (ServerService Thread Pool -- 59) WFLYCLINF0002: Started authorizationRevisions cache from keycloak container
2020-06-02 19:04:12,097 INFO  [org.keycloak.connections.infinispan.DefaultInfinispanConnectionProviderFactory] (ServerService Thread Pool -- 59) Node name: dorthonion, Site name: null
2020-06-02 19:04:15,469 INFO  [org.hibernate.jpa.internal.util.LogHelper] (ServerService Thread Pool -- 59) HHH000204: Processing PersistenceUnitInfo [
	name: keycloak-default
	...]
2020-06-02 19:04:15,597 INFO  [org.hibernate.Version] (ServerService Thread Pool -- 59) HHH000412: Hibernate Core {5.3.15.Final}
2020-06-02 19:04:15,599 INFO  [org.hibernate.cfg.Environment] (ServerService Thread Pool -- 59) HHH000206: hibernate.properties not found
2020-06-02 19:04:15,876 INFO  [org.hibernate.annotations.common.Version] (ServerService Thread Pool -- 59) HCANN000001: Hibernate Commons Annotations {5.0.5.Final}
2020-06-02 19:04:16,166 INFO  [org.hibernate.dialect.Dialect] (ServerService Thread Pool -- 59) HHH000400: Using dialect: org.hibernate.dialect.PostgreSQL95Dialect
2020-06-02 19:04:16,344 INFO  [org.hibernate.engine.jdbc.env.internal.LobCreatorBuilderImpl] (ServerService Thread Pool -- 59) HHH000424: Disabling contextual LOB creation as createClob() method threw error : java.lang.reflect.InvocationTargetException
2020-06-02 19:04:16,358 INFO  [org.hibernate.type.BasicTypeRegistry] (ServerService Thread Pool -- 59) HHH000270: Type registration [java.util.UUID] overrides previous : org.hibernate.type.UUIDBinaryType@47e6131a
2020-06-02 19:04:16,369 INFO  [org.hibernate.envers.boot.internal.EnversServiceImpl] (ServerService Thread Pool -- 59) Envers integration enabled? : true
2020-06-02 19:04:17,185 INFO  [org.hibernate.orm.beans] (ServerService Thread Pool -- 59) HHH10005002: No explicit CDI BeanManager reference was passed to Hibernate, but CDI is available on the Hibernate ClassLoader.
2020-06-02 19:04:17,279 INFO  [org.hibernate.validator.internal.util.Version] (ServerService Thread Pool -- 59) HV000001: Hibernate Validator 6.0.18.Final
2020-06-02 19:04:19,197 INFO  [org.hibernate.hql.internal.QueryTranslatorFactoryInitiator] (ServerService Thread Pool -- 59) HHH000397: Using ASTQueryTranslatorFactory
2020-06-02 19:04:20,732 INFO  [org.jboss.resteasy.resteasy_jaxrs.i18n] (ServerService Thread Pool -- 59) RESTEASY002225: Deploying javax.ws.rs.core.Application: class org.keycloak.services.resources.KeycloakApplication
2020-06-02 19:04:20,735 INFO  [org.jboss.resteasy.resteasy_jaxrs.i18n] (ServerService Thread Pool -- 59) RESTEASY002200: Adding class resource org.keycloak.services.resources.ThemeResource from Application class org.keycloak.services.resources.KeycloakApplication
2020-06-02 19:04:20,736 INFO  [org.jboss.resteasy.resteasy_jaxrs.i18n] (ServerService Thread Pool -- 59) RESTEASY002200: Adding class resource org.keycloak.services.resources.JsResource from Application class org.keycloak.services.resources.KeycloakApplication
2020-06-02 19:04:20,736 INFO  [org.jboss.resteasy.resteasy_jaxrs.i18n] (ServerService Thread Pool -- 59) RESTEASY002205: Adding provider class org.keycloak.services.filters.KeycloakTransactionCommitter from Application class org.keycloak.services.resources.KeycloakApplication
2020-06-02 19:04:20,736 INFO  [org.jboss.resteasy.resteasy_jaxrs.i18n] (ServerService Thread Pool -- 59) RESTEASY002205: Adding provider class org.keycloak.services.error.KeycloakErrorHandler from Application class org.keycloak.services.resources.KeycloakApplication
2020-06-02 19:04:20,737 INFO  [org.jboss.resteasy.resteasy_jaxrs.i18n] (ServerService Thread Pool -- 59) RESTEASY002205: Adding provider class org.keycloak.services.filters.KeycloakSecurityHeadersFilter from Application class org.keycloak.services.resources.KeycloakApplication
2020-06-02 19:04:20,737 INFO  [org.jboss.resteasy.resteasy_jaxrs.i18n] (ServerService Thread Pool -- 59) RESTEASY002220: Adding singleton resource org.keycloak.services.resources.admin.AdminRoot from Application class org.keycloak.services.resources.KeycloakApplication
2020-06-02 19:04:20,738 INFO  [org.jboss.resteasy.resteasy_jaxrs.i18n] (ServerService Thread Pool -- 59) RESTEASY002220: Adding singleton resource org.keycloak.services.resources.RealmsResource from Application class org.keycloak.services.resources.KeycloakApplication
2020-06-02 19:04:20,738 INFO  [org.jboss.resteasy.resteasy_jaxrs.i18n] (ServerService Thread Pool -- 59) RESTEASY002220: Adding singleton resource org.keycloak.services.resources.RobotsResource from Application class org.keycloak.services.resources.KeycloakApplication
2020-06-02 19:04:20,738 INFO  [org.jboss.resteasy.resteasy_jaxrs.i18n] (ServerService Thread Pool -- 59) RESTEASY002210: Adding provider singleton org.keycloak.services.util.ObjectMapperResolver from Application class org.keycloak.services.resources.KeycloakApplication
2020-06-02 19:04:20,739 INFO  [org.jboss.resteasy.resteasy_jaxrs.i18n] (ServerService Thread Pool -- 59) RESTEASY002220: Adding singleton resource org.keycloak.services.resources.WelcomeResource from Application class org.keycloak.services.resources.KeycloakApplication
2020-06-02 19:04:20,872 INFO  [org.wildfly.extension.undertow] (ServerService Thread Pool -- 59) WFLYUT0021: Registered web context: '/auth' for server 'default-server'
2020-06-02 19:04:20,976 INFO  [org.jboss.as.server] (ServerService Thread Pool -- 33) WFLYSRV0010: Deployed "keycloak-addon-0.1.jar" (runtime-name : "keycloak-addon-0.1.jar")
2020-06-02 19:04:20,977 INFO  [org.jboss.as.server] (ServerService Thread Pool -- 43) WFLYSRV0010: Deployed "keycloak-server.war" (runtime-name : "keycloak-server.war")
2020-06-02 19:04:21,086 INFO  [org.jboss.as.server] (Controller Boot Thread) WFLYSRV0212: Resuming server
2020-06-02 19:04:21,091 INFO  [org.jboss.as] (Controller Boot Thread) WFLYSRV0060: Http management interface listening on http://127.0.0.1:9990/management
2020-06-02 19:04:21,091 INFO  [org.jboss.as] (Controller Boot Thread) WFLYSRV0051: Admin console listening on http://127.0.0.1:9990
2020-06-02 19:04:21,092 INFO  [org.jboss.as] (Controller Boot Thread) WFLYSRV0025: Keycloak 10.0.1 (WildFly Core 11.1.1.Final) started in 17917ms - Started 636 of 935 services (609 services are lazy, passive or on-demand)
2020-06-02 19:05:56,599 INFO  [org.jboss.as.server] (Thread-1) WFLYSRV0272: Suspending server
2020-06-02 19:05:56,604 INFO  [org.jboss.as.ejb3] (Thread-1) WFLYEJB0493: EJB subsystem suspension complete
2020-06-02 19:05:56,605 INFO  [org.jboss.as.server] (Thread-1) WFLYSRV0220: Server shutdown has been requested via an OS signal
2020-06-02 19:05:56,637 INFO  [org.jboss.as.connector.subsystems.datasources] (MSC service thread 1-5) WFLYJCA0010: Unbound data source [java:jboss/datasources/KeycloakDS]
2020-06-02 19:05:56,642 INFO  [org.jboss.as.mail.extension] (MSC service thread 1-8) WFLYMAIL0002: Unbound mail session [java:jboss/mail/Default]
2020-06-02 19:05:56,644 INFO  [org.wildfly.extension.undertow] (MSC service thread 1-8) WFLYUT0008: Undertow HTTPS listener https suspending
2020-06-02 19:05:56,649 INFO  [org.wildfly.extension.undertow] (ServerService Thread Pool -- 71) WFLYUT0022: Unregistered web context: '/auth' from server 'default-server'
2020-06-02 19:05:56,651 INFO  [org.jboss.as.connector.deployers.jdbc] (MSC service thread 1-3) WFLYJCA0019: Stopped Driver service with driver-name = postgresql
2020-06-02 19:05:56,652 INFO  [org.wildfly.extension.undertow] (MSC service thread 1-8) WFLYUT0007: Undertow HTTPS listener https stopped, was bound to 127.0.0.1:8443
2020-06-02 19:05:56,661 INFO  [org.keycloak.subsystem.server.extension.KeycloakProviderDeploymentProcessor] (MSC service thread 1-1) Undeploying Keycloak provider: keycloak-addon-0.1.jar
2020-06-02 19:05:56,671 INFO  [org.wildfly.extension.undertow] (MSC service thread 1-2) WFLYUT0019: Host default-host stopping
2020-06-02 19:05:56,673 INFO  [org.jboss.as.server.deployment] (MSC service thread 1-2) WFLYSRV0028: Stopped deployment keycloak-addon-0.1.jar (runtime-name: keycloak-addon-0.1.jar) in 60ms
2020-06-02 19:05:56,675 INFO  [org.jboss.as.connector.subsystems.datasources] (MSC service thread 1-3) WFLYJCA0010: Unbound data source [java:jboss/datasources/ExampleDS]
2020-06-02 19:05:56,684 INFO  [org.jboss.as.connector.deployers.jdbc] (MSC service thread 1-6) WFLYJCA0019: Stopped Driver service with driver-name = h2
2020-06-02 19:05:56,693 INFO  [org.jboss.as.clustering.infinispan] (ServerService Thread Pool -- 78) WFLYCLINF0003: Stopped offlineSessions cache from keycloak container
2020-06-02 19:05:56,694 INFO  [org.jboss.as.clustering.infinispan] (ServerService Thread Pool -- 74) WFLYCLINF0003: Stopped offlineClientSessions cache from keycloak container
2020-06-02 19:05:56,695 INFO  [org.jboss.as.clustering.infinispan] (ServerService Thread Pool -- 76) WFLYCLINF0003: Stopped sessions cache from keycloak container
2020-06-02 19:05:56,695 INFO  [org.jboss.as.clustering.infinispan] (ServerService Thread Pool -- 79) WFLYCLINF0003: Stopped work cache from keycloak container
2020-06-02 19:05:56,695 INFO  [org.jboss.as.clustering.infinispan] (ServerService Thread Pool -- 72) WFLYCLINF0003: Stopped authenticationSessions cache from keycloak container
2020-06-02 19:05:56,696 INFO  [org.jboss.as.clustering.infinispan] (ServerService Thread Pool -- 59) WFLYCLINF0003: Stopped keys cache from keycloak container
2020-06-02 19:05:56,699 INFO  [org.jboss.as.clustering.infinispan] (ServerService Thread Pool -- 81) WFLYCLINF0003: Stopped actionTokens cache from keycloak container
2020-06-02 19:05:56,700 INFO  [org.jboss.as.clustering.infinispan] (ServerService Thread Pool -- 82) WFLYCLINF0003: Stopped loginFailures cache from keycloak container
2020-06-02 19:05:56,703 INFO  [org.wildfly.extension.undertow] (MSC service thread 1-7) WFLYUT0008: Undertow HTTP listener default suspending
2020-06-02 19:05:56,707 INFO  [org.jboss.as.clustering.infinispan] (ServerService Thread Pool -- 77) WFLYCLINF0003: Stopped users cache from keycloak container
2020-06-02 19:05:56,708 INFO  [org.wildfly.extension.undertow] (MSC service thread 1-7) WFLYUT0007: Undertow HTTP listener default stopped, was bound to 127.0.0.1:8080
2020-06-02 19:05:56,708 INFO  [org.jboss.as.clustering.infinispan] (ServerService Thread Pool -- 80) WFLYCLINF0003: Stopped authorization cache from keycloak container
2020-06-02 19:05:56,709 INFO  [org.wildfly.extension.undertow] (MSC service thread 1-5) WFLYUT0004: Undertow 2.1.0.Final stopping
2020-06-02 19:05:56,713 INFO  [org.jboss.as.server.deployment] (MSC service thread 1-7) WFLYSRV0028: Stopped deployment keycloak-server.war (runtime-name: keycloak-server.war) in 105ms
2020-06-02 19:05:56,717 INFO  [org.jboss.as.clustering.infinispan] (ServerService Thread Pool -- 75) WFLYCLINF0003: Stopped clientSessions cache from keycloak container
2020-06-02 19:05:56,717 INFO  [org.jboss.as.clustering.infinispan] (ServerService Thread Pool -- 73) WFLYCLINF0003: Stopped realms cache from keycloak container
2020-06-02 19:05:56,719 INFO  [org.jboss.as.clustering.infinispan] (ServerService Thread Pool -- 71) WFLYCLINF0003: Stopped client-mappings cache from ejb container
2020-06-02 19:05:56,754 INFO  [org.jboss.as] (MSC service thread 1-4) WFLYSRV0050: Keycloak 10.0.1 (WildFly Core 11.1.1.Final) stopped in 146ms
